<?xml version="1.0" encoding="UTF-8"?>
<coverage generated="1544568340570" clover="3.2.0">
  <project timestamp="1544568340570" name="All files">
    <metrics statements="245" coveredstatements="157" conditionals="110" coveredconditionals="47" methods="95" coveredmethods="59" elements="450" coveredelements="263" complexity="0" loc="245" ncloc="245" packages="21" files="37" classes="37">
      <package name="src">
        <metrics statements="55" coveredstatements="10" conditionals="33" coveredconditionals="1" methods="16" coveredmethods="1"/>
        <file name="Root.js" path="/home/tvglobo/Documentos/my Github/forked/front-end-recruitment/src/Root.js">
          <metrics statements="2" coveredstatements="2" conditionals="1" coveredconditionals="1" methods="1" coveredmethods="1"/>
          <line num="6" count="7" type="cond" truecount="1" falsecount="0"/>
          <line num="7" count="11" type="stmt"/>
        </file>
        <file name="index.js" path="/home/tvglobo/Documentos/my Github/forked/front-end-recruitment/src/index.js">
          <metrics statements="7" coveredstatements="0" conditionals="0" coveredconditionals="0" methods="0" coveredmethods="0"/>
          <line num="1" count="0" type="stmt"/>
          <line num="2" count="0" type="stmt"/>
          <line num="4" count="0" type="stmt"/>
          <line num="6" count="0" type="stmt"/>
          <line num="7" count="0" type="stmt"/>
          <line num="9" count="0" type="stmt"/>
          <line num="21" count="0" type="stmt"/>
        </file>
        <file name="serviceWorker.js" path="/home/tvglobo/Documentos/my Github/forked/front-end-recruitment/src/serviceWorker.js">
          <metrics statements="38" coveredstatements="0" conditionals="32" coveredconditionals="0" methods="15" coveredmethods="0"/>
          <line num="13" count="0" type="stmt"/>
          <line num="24" count="0" type="cond" truecount="0" falsecount="4"/>
          <line num="26" count="0" type="stmt"/>
          <line num="27" count="0" type="cond" truecount="0" falsecount="2"/>
          <line num="31" count="0" type="stmt"/>
          <line num="34" count="0" type="stmt"/>
          <line num="35" count="0" type="stmt"/>
          <line num="37" count="0" type="cond" truecount="0" falsecount="2"/>
          <line num="39" count="0" type="stmt"/>
          <line num="43" count="0" type="stmt"/>
          <line num="44" count="0" type="stmt"/>
          <line num="51" count="0" type="stmt"/>
          <line num="58" count="0" type="stmt"/>
          <line num="61" count="0" type="stmt"/>
          <line num="62" count="0" type="stmt"/>
          <line num="63" count="0" type="cond" truecount="0" falsecount="2"/>
          <line num="64" count="0" type="stmt"/>
          <line num="66" count="0" type="stmt"/>
          <line num="67" count="0" type="cond" truecount="0" falsecount="2"/>
          <line num="68" count="0" type="cond" truecount="0" falsecount="2"/>
          <line num="72" count="0" type="stmt"/>
          <line num="78" count="0" type="cond" truecount="0" falsecount="4"/>
          <line num="79" count="0" type="stmt"/>
          <line num="85" count="0" type="stmt"/>
          <line num="88" count="0" type="cond" truecount="0" falsecount="4"/>
          <line num="89" count="0" type="stmt"/>
          <line num="97" count="0" type="stmt"/>
          <line num="103" count="0" type="stmt"/>
          <line num="106" count="0" type="stmt"/>
          <line num="107" count="0" type="cond" truecount="0" falsecount="2"/>
          <line num="112" count="0" type="stmt"/>
          <line num="113" count="0" type="stmt"/>
          <line num="114" count="0" type="stmt"/>
          <line num="119" count="0" type="stmt"/>
          <line num="123" count="0" type="stmt"/>
          <line num="130" count="0" type="cond" truecount="0" falsecount="2"/>
          <line num="131" count="0" type="stmt"/>
          <line num="132" count="0" type="stmt"/>
        </file>
        <file name="setupTests.js" path="/home/tvglobo/Documentos/my Github/forked/front-end-recruitment/src/setupTests.js">
          <metrics statements="8" coveredstatements="8" conditionals="0" coveredconditionals="0" methods="0" coveredmethods="0"/>
          <line num="8" count="19" type="stmt"/>
          <line num="11" count="19" type="stmt"/>
          <line num="12" count="19" type="stmt"/>
          <line num="13" count="19" type="stmt"/>
          <line num="14" count="19" type="stmt"/>
          <line num="15" count="19" type="stmt"/>
          <line num="16" count="19" type="stmt"/>
          <line num="17" count="19" type="stmt"/>
        </file>
      </package>
      <package name="src.components.App">
        <metrics statements="1" coveredstatements="1" conditionals="0" coveredconditionals="0" methods="1" coveredmethods="1"/>
        <file name="index.js" path="/home/tvglobo/Documentos/my Github/forked/front-end-recruitment/src/components/App/index.js">
          <metrics statements="1" coveredstatements="1" conditionals="0" coveredconditionals="0" methods="1" coveredmethods="1"/>
          <line num="9" count="3" type="stmt"/>
        </file>
      </package>
      <package name="src.components.Banner">
        <metrics statements="2" coveredstatements="2" conditionals="0" coveredconditionals="0" methods="1" coveredmethods="1"/>
        <file name="index.js" path="/home/tvglobo/Documentos/my Github/forked/front-end-recruitment/src/components/Banner/index.js">
          <metrics statements="2" coveredstatements="2" conditionals="0" coveredconditionals="0" methods="1" coveredmethods="1"/>
          <line num="5" count="3" type="stmt"/>
          <line num="6" count="4" type="stmt"/>
        </file>
      </package>
      <package name="src.components.Checkbox">
        <metrics statements="7" coveredstatements="7" conditionals="0" coveredconditionals="0" methods="3" coveredmethods="3"/>
        <file name="index.js" path="/home/tvglobo/Documentos/my Github/forked/front-end-recruitment/src/components/Checkbox/index.js">
          <metrics statements="7" coveredstatements="7" conditionals="0" coveredconditionals="0" methods="3" coveredmethods="3"/>
          <line num="15" count="2" type="stmt"/>
          <line num="17" count="2" type="stmt"/>
          <line num="18" count="2" type="stmt"/>
          <line num="23" count="2" type="stmt"/>
          <line num="27" count="60" type="stmt"/>
          <line num="28" count="60" type="stmt"/>
          <line num="30" count="60" type="stmt"/>
        </file>
      </package>
      <package name="src.components.Clearfix">
        <metrics statements="2" coveredstatements="2" conditionals="0" coveredconditionals="0" methods="1" coveredmethods="1"/>
        <file name="index.js" path="/home/tvglobo/Documentos/my Github/forked/front-end-recruitment/src/components/Clearfix/index.js">
          <metrics statements="2" coveredstatements="2" conditionals="0" coveredconditionals="0" methods="1" coveredmethods="1"/>
          <line num="5" count="5" type="stmt"/>
          <line num="6" count="29" type="stmt"/>
        </file>
      </package>
      <package name="src.components.FloatCart">
        <metrics statements="36" coveredstatements="19" conditionals="22" coveredconditionals="14" methods="14" coveredmethods="6"/>
        <file name="index.js" path="/home/tvglobo/Documentos/my Github/forked/front-end-recruitment/src/components/FloatCart/index.js">
          <metrics statements="36" coveredstatements="19" conditionals="22" coveredconditionals="14" methods="14" coveredmethods="6"/>
          <line num="27" count="2" type="cond" truecount="2" falsecount="0"/>
          <line num="28" count="1" type="stmt"/>
          <line num="31" count="2" type="cond" truecount="1" falsecount="1"/>
          <line num="32" count="0" type="stmt"/>
          <line num="37" count="1" type="stmt"/>
          <line num="41" count="0" type="stmt"/>
          <line num="45" count="1" type="stmt"/>
          <line num="46" count="1" type="stmt"/>
          <line num="48" count="1" type="stmt"/>
          <line num="49" count="0" type="cond" truecount="0" falsecount="2"/>
          <line num="50" count="0" type="stmt"/>
          <line num="51" count="0" type="stmt"/>
          <line num="55" count="1" type="cond" truecount="1" falsecount="1"/>
          <line num="56" count="1" type="stmt"/>
          <line num="59" count="1" type="stmt"/>
          <line num="60" count="1" type="stmt"/>
          <line num="64" count="0" type="stmt"/>
          <line num="66" count="0" type="stmt"/>
          <line num="67" count="0" type="cond" truecount="0" falsecount="2"/>
          <line num="68" count="0" type="stmt"/>
          <line num="69" count="0" type="stmt"/>
          <line num="79" count="0" type="stmt"/>
          <line num="81" count="0" type="cond" truecount="0" falsecount="2"/>
          <line num="82" count="0" type="stmt"/>
          <line num="84" count="0" type="stmt"/>
          <line num="94" count="6" type="stmt"/>
          <line num="96" count="6" type="stmt"/>
          <line num="97" count="4" type="stmt"/>
          <line num="102" count="6" type="stmt"/>
          <line num="104" count="6" type="cond" truecount="2" falsecount="0"/>
          <line num="105" count="2" type="stmt"/>
          <line num="108" count="6" type="stmt"/>
          <line num="113" count="0" type="stmt"/>
          <line num="123" count="0" type="stmt"/>
          <line num="170" count="0" type="stmt"/>
          <line num="180" count="7" type="stmt"/>
        </file>
      </package>
      <package name="src.components.FloatCart.CartProduct">
        <metrics statements="11" coveredstatements="8" conditionals="2" coveredconditionals="2" methods="6" coveredmethods="3"/>
        <file name="index.js" path="/home/tvglobo/Documentos/my Github/forked/front-end-recruitment/src/components/FloatCart/CartProduct/index.js">
          <metrics statements="11" coveredstatements="8" conditionals="2" coveredconditionals="2" methods="6" coveredmethods="3"/>
          <line num="7" count="4" type="stmt"/>
          <line num="20" count="1" type="stmt"/>
          <line num="24" count="0" type="stmt"/>
          <line num="29" count="6" type="stmt"/>
          <line num="31" count="6" type="stmt"/>
          <line num="33" count="6" type="cond" truecount="2" falsecount="0"/>
          <line num="34" count="1" type="stmt"/>
          <line num="37" count="6" type="stmt"/>
          <line num="41" count="1" type="stmt"/>
          <line num="42" count="0" type="stmt"/>
          <line num="43" count="0" type="stmt"/>
        </file>
      </package>
      <package name="src.components.Selectbox">
        <metrics statements="5" coveredstatements="3" conditionals="0" coveredconditionals="0" methods="5" coveredmethods="3"/>
        <file name="index.js" path="/home/tvglobo/Documentos/my Github/forked/front-end-recruitment/src/components/Selectbox/index.js">
          <metrics statements="5" coveredstatements="3" conditionals="0" coveredconditionals="0" methods="5" coveredmethods="3"/>
          <line num="16" count="30" type="stmt"/>
          <line num="19" count="0" type="stmt"/>
          <line num="23" count="10" type="stmt"/>
          <line num="25" count="10" type="stmt"/>
          <line num="26" count="0" type="stmt"/>
        </file>
      </package>
      <package name="src.components.Shelf">
        <metrics statements="15" coveredstatements="13" conditionals="8" coveredconditionals="5" methods="7" coveredmethods="7"/>
        <file name="index.js" path="/home/tvglobo/Documentos/my Github/forked/front-end-recruitment/src/components/Shelf/index.js">
          <metrics statements="15" coveredstatements="13" conditionals="8" coveredconditionals="5" methods="7" coveredmethods="7"/>
          <line num="30" count="7" type="stmt"/>
          <line num="32" count="7" type="stmt"/>
          <line num="36" count="1" type="stmt"/>
          <line num="38" count="1" type="cond" truecount="1" falsecount="1"/>
          <line num="39" count="0" type="stmt"/>
          <line num="42" count="1" type="cond" truecount="1" falsecount="1"/>
          <line num="43" count="0" type="stmt"/>
          <line num="51" count="7" type="stmt"/>
          <line num="52" count="7" type="stmt"/>
          <line num="53" count="1" type="stmt"/>
          <line num="58" count="9" type="stmt"/>
          <line num="60" count="9" type="stmt"/>
          <line num="61" count="10" type="stmt"/>
          <line num="66" count="9" type="stmt"/>
          <line num="81" count="10" type="stmt"/>
        </file>
      </package>
      <package name="src.components.Shelf.Filter">
        <metrics statements="10" coveredstatements="6" conditionals="2" coveredconditionals="0" methods="6" coveredmethods="5"/>
        <file name="index.js" path="/home/tvglobo/Documentos/my Github/forked/front-end-recruitment/src/components/Shelf/Filter/index.js">
          <metrics statements="10" coveredstatements="6" conditionals="2" coveredconditionals="0" methods="6" coveredmethods="5"/>
          <line num="10" count="4" type="stmt"/>
          <line num="19" count="8" type="stmt"/>
          <line num="23" count="0" type="cond" truecount="0" falsecount="2"/>
          <line num="24" count="0" type="stmt"/>
          <line num="26" count="0" type="stmt"/>
          <line num="29" count="0" type="stmt"/>
          <line num="33" count="56" type="stmt"/>
          <line num="41" count="8" type="stmt"/>
          <line num="44" count="8" type="stmt"/>
          <line num="53" count="11" type="stmt"/>
        </file>
      </package>
      <package name="src.components.Shelf.Product">
        <metrics statements="11" coveredstatements="11" conditionals="4" coveredconditionals="3" methods="2" coveredmethods="2"/>
        <file name="index.js" path="/home/tvglobo/Documentos/my Github/forked/front-end-recruitment/src/components/Shelf/Product/index.js">
          <metrics statements="11" coveredstatements="11" conditionals="4" coveredconditionals="3" methods="2" coveredmethods="2"/>
          <line num="7" count="4" type="stmt"/>
          <line num="10" count="4" type="stmt"/>
          <line num="11" count="11" type="stmt"/>
          <line num="13" count="11" type="stmt"/>
          <line num="15" count="11" type="stmt"/>
          <line num="19" count="11" type="cond" truecount="1" falsecount="1"/>
          <line num="20" count="11" type="stmt"/>
          <line num="22" count="11" type="stmt"/>
          <line num="29" count="11" type="stmt"/>
          <line num="51" count="1" type="stmt"/>
          <line num="57" count="4" type="stmt"/>
        </file>
      </package>
      <package name="src.components.Shelf.ShelfHeader">
        <metrics statements="3" coveredstatements="3" conditionals="0" coveredconditionals="0" methods="1" coveredmethods="1"/>
        <file name="index.js" path="/home/tvglobo/Documentos/my Github/forked/front-end-recruitment/src/components/Shelf/ShelfHeader/index.js">
          <metrics statements="3" coveredstatements="3" conditionals="0" coveredconditionals="0" methods="1" coveredmethods="1"/>
          <line num="7" count="4" type="stmt"/>
          <line num="8" count="10" type="stmt"/>
          <line num="19" count="4" type="stmt"/>
        </file>
      </package>
      <package name="src.components.Shelf.Sort">
        <metrics statements="4" coveredstatements="3" conditionals="0" coveredconditionals="0" methods="3" coveredmethods="2"/>
        <file name="index.js" path="/home/tvglobo/Documentos/my Github/forked/front-end-recruitment/src/components/Shelf/Sort/index.js">
          <metrics statements="4" coveredstatements="3" conditionals="0" coveredconditionals="0" methods="3" coveredmethods="2"/>
          <line num="8" count="5" type="stmt"/>
          <line num="21" count="0" type="stmt"/>
          <line num="25" count="9" type="stmt"/>
          <line num="34" count="12" type="stmt"/>
        </file>
      </package>
      <package name="src.components.Spinner">
        <metrics statements="1" coveredstatements="1" conditionals="0" coveredconditionals="0" methods="1" coveredmethods="1"/>
        <file name="index.js" path="/home/tvglobo/Documentos/my Github/forked/front-end-recruitment/src/components/Spinner/index.js">
          <metrics statements="1" coveredstatements="1" conditionals="0" coveredconditionals="0" methods="1" coveredmethods="1"/>
          <line num="6" count="8" type="stmt"/>
        </file>
      </package>
      <package name="src.components.Thumb">
        <metrics statements="3" coveredstatements="3" conditionals="0" coveredconditionals="0" methods="1" coveredmethods="1"/>
        <file name="index.js" path="/home/tvglobo/Documentos/my Github/forked/front-end-recruitment/src/components/Thumb/index.js">
          <metrics statements="3" coveredstatements="3" conditionals="0" coveredconditionals="0" methods="1" coveredmethods="1"/>
          <line num="5" count="7" type="stmt"/>
          <line num="6" count="18" type="stmt"/>
          <line num="13" count="7" type="stmt"/>
        </file>
      </package>
      <package name="src.services">
        <metrics statements="13" coveredstatements="13" conditionals="4" coveredconditionals="4" methods="3" coveredmethods="3"/>
        <file name="axios.js" path="/home/tvglobo/Documentos/my Github/forked/front-end-recruitment/src/services/axios.js">
          <metrics statements="1" coveredstatements="1" conditionals="0" coveredconditionals="0" methods="0" coveredmethods="0"/>
          <line num="3" count="3" type="stmt"/>
        </file>
        <file name="reducers.js" path="/home/tvglobo/Documentos/my Github/forked/front-end-recruitment/src/services/reducers.js">
          <metrics statements="0" coveredstatements="0" conditionals="0" coveredconditionals="0" methods="0" coveredmethods="0"/>
        </file>
        <file name="store.js" path="/home/tvglobo/Documentos/my Github/forked/front-end-recruitment/src/services/store.js">
          <metrics statements="8" coveredstatements="8" conditionals="2" coveredconditionals="2" methods="2" coveredmethods="2"/>
          <line num="6" count="11" type="stmt"/>
          <line num="8" count="11" type="stmt"/>
          <line num="10" count="11" type="stmt"/>
          <line num="20" count="11" type="stmt"/>
          <line num="21" count="3" type="stmt"/>
          <line num="22" count="3" type="stmt"/>
          <line num="27" count="3" type="stmt"/>
          <line num="30" count="11" type="stmt"/>
        </file>
        <file name="util.js" path="/home/tvglobo/Documentos/my Github/forked/front-end-recruitment/src/services/util.js">
          <metrics statements="4" coveredstatements="4" conditionals="2" coveredconditionals="2" methods="1" coveredmethods="1"/>
          <line num="1" count="7" type="stmt"/>
          <line num="2" count="37" type="cond" truecount="2" falsecount="0"/>
          <line num="4" count="25" type="stmt"/>
          <line num="6" count="12" type="stmt"/>
        </file>
      </package>
      <package name="src.services.cart">
        <metrics statements="13" coveredstatements="11" conditionals="5" coveredconditionals="3" methods="4" coveredmethods="4"/>
        <file name="actionTypes.js" path="/home/tvglobo/Documentos/my Github/forked/front-end-recruitment/src/services/cart/actionTypes.js">
          <metrics statements="4" coveredstatements="4" conditionals="0" coveredconditionals="0" methods="0" coveredmethods="0"/>
          <line num="1" count="8" type="stmt"/>
          <line num="2" count="8" type="stmt"/>
          <line num="3" count="8" type="stmt"/>
          <line num="4" count="8" type="stmt"/>
        </file>
        <file name="actions.js" path="/home/tvglobo/Documentos/my Github/forked/front-end-recruitment/src/services/cart/actions.js">
          <metrics statements="3" coveredstatements="3" conditionals="0" coveredconditionals="0" methods="3" coveredmethods="3"/>
          <line num="4" count="5" type="stmt"/>
          <line num="9" count="5" type="stmt"/>
          <line num="14" count="5" type="stmt"/>
        </file>
        <file name="reducer.js" path="/home/tvglobo/Documentos/my Github/forked/front-end-recruitment/src/services/cart/reducer.js">
          <metrics statements="6" coveredstatements="4" conditionals="5" coveredconditionals="3" methods="1" coveredmethods="1"/>
          <line num="4" count="7" type="stmt"/>
          <line num="9" count="28" type="cond" truecount="2" falsecount="2"/>
          <line num="11" count="0" type="stmt"/>
          <line num="16" count="1" type="stmt"/>
          <line num="21" count="0" type="stmt"/>
          <line num="26" count="27" type="stmt"/>
        </file>
      </package>
      <package name="src.services.filters">
        <metrics statements="6" coveredstatements="5" conditionals="3" coveredconditionals="2" methods="2" coveredmethods="2"/>
        <file name="actionTypes.js" path="/home/tvglobo/Documentos/my Github/forked/front-end-recruitment/src/services/filters/actionTypes.js">
          <metrics statements="1" coveredstatements="1" conditionals="0" coveredconditionals="0" methods="0" coveredmethods="0"/>
          <line num="1" count="8" type="stmt"/>
        </file>
        <file name="actions.js" path="/home/tvglobo/Documentos/my Github/forked/front-end-recruitment/src/services/filters/actions.js">
          <metrics statements="1" coveredstatements="1" conditionals="0" coveredconditionals="0" methods="1" coveredmethods="1"/>
          <line num="4" count="5" type="stmt"/>
        </file>
        <file name="reducer.js" path="/home/tvglobo/Documentos/my Github/forked/front-end-recruitment/src/services/filters/reducer.js">
          <metrics statements="4" coveredstatements="3" conditionals="3" coveredconditionals="2" methods="1" coveredmethods="1"/>
          <line num="4" count="7" type="stmt"/>
          <line num="9" count="28" type="cond" truecount="1" falsecount="1"/>
          <line num="11" count="0" type="stmt"/>
          <line num="16" count="28" type="stmt"/>
        </file>
      </package>
      <package name="src.services.shelf">
        <metrics statements="24" coveredstatements="14" conditionals="19" coveredconditionals="7" methods="10" coveredmethods="4"/>
        <file name="actionTypes.js" path="/home/tvglobo/Documentos/my Github/forked/front-end-recruitment/src/services/shelf/actionTypes.js">
          <metrics statements="1" coveredstatements="1" conditionals="0" coveredconditionals="0" methods="0" coveredmethods="0"/>
          <line num="1" count="7" type="stmt"/>
        </file>
        <file name="actions.js" path="/home/tvglobo/Documentos/my Github/forked/front-end-recruitment/src/services/shelf/actions.js">
          <metrics statements="19" coveredstatements="9" conditionals="16" coveredconditionals="4" methods="9" coveredmethods="3"/>
          <line num="4" count="3" type="stmt"/>
          <line num="6" count="0" type="cond" truecount="0" falsecount="2"/>
          <line num="7" count="0" type="cond" truecount="0" falsecount="2"/>
          <line num="8" count="0" type="stmt"/>
          <line num="11" count="0" type="cond" truecount="0" falsecount="2"/>
          <line num="12" count="0" type="cond" truecount="0" falsecount="2"/>
          <line num="13" count="0" type="stmt"/>
          <line num="17" count="7" type="stmt"/>
          <line num="18" count="7" type="stmt"/>
          <line num="21" count="1" type="stmt"/>
          <line num="23" count="1" type="cond" truecount="2" falsecount="2"/>
          <line num="24" count="0" type="stmt"/>
          <line num="25" count="0" type="stmt"/>
          <line num="29" count="1" type="cond" truecount="1" falsecount="1"/>
          <line num="30" count="0" type="stmt"/>
          <line num="33" count="1" type="cond" truecount="1" falsecount="1"/>
          <line num="34" count="1" type="stmt"/>
          <line num="37" count="1" type="stmt"/>
          <line num="43" count="0" type="stmt"/>
        </file>
        <file name="reducer.js" path="/home/tvglobo/Documentos/my Github/forked/front-end-recruitment/src/services/shelf/reducer.js">
          <metrics statements="4" coveredstatements="4" conditionals="3" coveredconditionals="3" methods="1" coveredmethods="1"/>
          <line num="3" count="7" type="stmt"/>
          <line num="8" count="28" type="cond" truecount="2" falsecount="0"/>
          <line num="10" count="1" type="stmt"/>
          <line num="15" count="27" type="stmt"/>
        </file>
      </package>
      <package name="src.services.sort">
        <metrics statements="6" coveredstatements="5" conditionals="3" coveredconditionals="2" methods="2" coveredmethods="2"/>
        <file name="actionTypes.js" path="/home/tvglobo/Documentos/my Github/forked/front-end-recruitment/src/services/sort/actionTypes.js">
          <metrics statements="1" coveredstatements="1" conditionals="0" coveredconditionals="0" methods="0" coveredmethods="0"/>
          <line num="2" count="8" type="stmt"/>
        </file>
        <file name="actions.js" path="/home/tvglobo/Documentos/my Github/forked/front-end-recruitment/src/services/sort/actions.js">
          <metrics statements="1" coveredstatements="1" conditionals="0" coveredconditionals="0" methods="1" coveredmethods="1"/>
          <line num="4" count="6" type="stmt"/>
        </file>
        <file name="reducer.js" path="/home/tvglobo/Documentos/my Github/forked/front-end-recruitment/src/services/sort/reducer.js">
          <metrics statements="4" coveredstatements="3" conditionals="3" coveredconditionals="2" methods="1" coveredmethods="1"/>
          <line num="4" count="7" type="stmt"/>
          <line num="9" count="28" type="cond" truecount="1" falsecount="1"/>
          <line num="11" count="0" type="stmt"/>
          <line num="16" count="28" type="stmt"/>
        </file>
      </package>
      <package name="src.services.total">
        <metrics statements="17" coveredstatements="17" conditionals="5" coveredconditionals="4" methods="6" coveredmethods="6"/>
        <file name="actionTypes.js" path="/home/tvglobo/Documentos/my Github/forked/front-end-recruitment/src/services/total/actionTypes.js">
          <metrics statements="1" coveredstatements="1" conditionals="0" coveredconditionals="0" methods="0" coveredmethods="0"/>
          <line num="1" count="7" type="stmt"/>
        </file>
        <file name="actions.js" path="/home/tvglobo/Documentos/my Github/forked/front-end-recruitment/src/services/total/actions.js">
          <metrics statements="12" coveredstatements="12" conditionals="2" coveredconditionals="1" methods="5" coveredmethods="5"/>
          <line num="3" count="3" type="stmt"/>
          <line num="4" count="1" type="stmt"/>
          <line num="5" count="1" type="stmt"/>
          <line num="6" count="1" type="stmt"/>
          <line num="9" count="1" type="stmt"/>
          <line num="10" count="1" type="stmt"/>
          <line num="11" count="1" type="stmt"/>
          <line num="14" count="1" type="stmt"/>
          <line num="15" count="1" type="cond" truecount="1" falsecount="1"/>
          <line num="16" count="1" type="stmt"/>
          <line num="20" count="1" type="stmt"/>
          <line num="28" count="1" type="stmt"/>
        </file>
        <file name="reducer.js" path="/home/tvglobo/Documentos/my Github/forked/front-end-recruitment/src/services/total/reducer.js">
          <metrics statements="4" coveredstatements="4" conditionals="3" coveredconditionals="3" methods="1" coveredmethods="1"/>
          <line num="4" count="7" type="stmt"/>
          <line num="13" count="28" type="cond" truecount="2" falsecount="0"/>
          <line num="15" count="1" type="stmt"/>
          <line num="20" count="27" type="stmt"/>
        </file>
      </package>
    </metrics>
  </project>
</coverage>
