{"/home/tvglobo/Documentos/my Github/forked/front-end-recruitment-1/src/Root.js": {"path":"/home/tvglobo/Documentos/my Github/forked/front-end-recruitment-1/src/Root.js","statementMap":{"0":{"start":{"line":6,"column":13},"end":{"line":8,"column":1}},"1":{"start":{"line":7,"column":2},"end":{"line":7,"column":61}}},"fnMap":{"0":{"name":"(anonymous_0)","decl":{"start":{"line":6,"column":13},"end":{"line":6,"column":14}},"loc":{"start":{"line":7,"column":2},"end":{"line":7,"column":61}},"line":7}},"branchMap":{"0":{"loc":{"start":{"line":6,"column":26},"end":{"line":6,"column":43}},"type":"default-arg","locations":[{"start":{"line":6,"column":41},"end":{"line":6,"column":43}}],"line":6}},"s":{"0":7,"1":11},"f":{"0":11},"b":{"0":[4]},"_coverageSchema":"332fd63041d2c1bcb487cc26dd0d5f7d97098a6c","hash":"b0ef16f653943e7abf66da6b835f9b74aa29578d"}
,"/home/tvglobo/Documentos/my Github/forked/front-end-recruitment-1/src/index.js": {"path":"/home/tvglobo/Documentos/my Github/forked/front-end-recruitment-1/src/index.js","statementMap":{"0":{"start":{"line":1,"column":0},"end":{"line":null,"column":-1}},"1":{"start":{"line":2,"column":0},"end":{"line":null,"column":-1}},"2":{"start":{"line":4,"column":0},"end":{"line":null,"column":-1}},"3":{"start":{"line":6,"column":0},"end":{"line":null,"column":-1}},"4":{"start":{"line":7,"column":0},"end":{"line":null,"column":-1}},"5":{"start":{"line":9,"column":0},"end":{"line":null,"column":-1}},"6":{"start":{"line":21,"column":0},"end":{"line":null,"column":-1}}},"fnMap":{},"branchMap":{},"s":{"0":0,"1":0,"2":0,"3":0,"4":0,"5":0,"6":0},"f":{},"b":{}}
,"/home/tvglobo/Documentos/my Github/forked/front-end-recruitment-1/src/serviceWorker.js": {"path":"/home/tvglobo/Documentos/my Github/forked/front-end-recruitment-1/src/serviceWorker.js","statementMap":{"0":{"start":{"line":13,"column":20},"end":{"line":13,"column":0}},"1":{"start":{"line":24,"column":2},"end":{"line":54,"column":3}},"2":{"start":{"line":26,"column":22},"end":{"line":26,"column":4}},"3":{"start":{"line":27,"column":4},"end":{"line":32,"column":5}},"4":{"start":{"line":31,"column":6},"end":{"line":null,"column":-1}},"5":{"start":{"line":34,"column":4},"end":{"line":null,"column":-1}},"6":{"start":{"line":35,"column":21},"end":{"line":35,"column":6}},"7":{"start":{"line":37,"column":6},"end":{"line":52,"column":7}},"8":{"start":{"line":39,"column":8},"end":{"line":37,"column":23}},"9":{"start":{"line":43,"column":8},"end":{"line":null,"column":-1}},"10":{"start":{"line":44,"column":10},"end":{"line":null,"column":-1}},"11":{"start":{"line":51,"column":8},"end":{"line":null,"column":-1}},"12":{"start":{"line":58,"column":2},"end":{"line":null,"column":-1}},"13":{"start":{"line":61,"column":6},"end":{"line":null,"column":-1}},"14":{"start":{"line":62,"column":33},"end":{"line":62,"column":8}},"15":{"start":{"line":63,"column":8},"end":{"line":65,"column":9}},"16":{"start":{"line":64,"column":10},"end":{"line":null,"column":-1}},"17":{"start":{"line":66,"column":8},"end":{"line":null,"column":-1}},"18":{"start":{"line":67,"column":10},"end":{"line":92,"column":11}},"19":{"start":{"line":68,"column":12},"end":{"line":91,"column":13}},"20":{"start":{"line":72,"column":14},"end":{"line":68,"column":52}},"21":{"start":{"line":78,"column":14},"end":{"line":80,"column":15}},"22":{"start":{"line":79,"column":16},"end":{"line":null,"column":-1}},"23":{"start":{"line":85,"column":14},"end":{"line":81,"column":19}},"24":{"start":{"line":88,"column":14},"end":{"line":90,"column":15}},"25":{"start":{"line":89,"column":16},"end":{"line":null,"column":-1}},"26":{"start":{"line":97,"column":6},"end":{"line":null,"column":-1}},"27":{"start":{"line":103,"column":2},"end":{"line":null,"column":-1}},"28":{"start":{"line":106,"column":26},"end":{"line":106,"column":6}},"29":{"start":{"line":107,"column":6},"end":{"line":120,"column":7}},"30":{"start":{"line":112,"column":8},"end":{"line":null,"column":-1}},"31":{"start":{"line":113,"column":10},"end":{"line":null,"column":-1}},"32":{"start":{"line":114,"column":12},"end":{"line":null,"column":-1}},"33":{"start":{"line":119,"column":8},"end":{"line":null,"column":-1}},"34":{"start":{"line":123,"column":6},"end":{"line":null,"column":-1}},"35":{"start":{"line":130,"column":2},"end":{"line":134,"column":3}},"36":{"start":{"line":131,"column":4},"end":{"line":null,"column":-1}},"37":{"start":{"line":132,"column":6},"end":{"line":null,"column":-1}}},"fnMap":{"0":{"name":"register","decl":{"start":{"line":23,"column":16},"end":{"line":23,"column":7}},"loc":{"start":{"line":23,"column":33},"end":{"line":55,"column":1}}},"1":{"name":"(anonymous_1)","decl":{"start":{"line":34,"column":36},"end":{"line":34,"column":41}},"loc":{"start":{"line":34,"column":42},"end":{"line":34,"column":4}}},"2":{"name":"(anonymous_2)","decl":{"start":{"line":43,"column":43},"end":{"line":43,"column":48}},"loc":{"start":{"line":43,"column":49},"end":{"line":43,"column":8}}},"3":{"name":"registerValidSW","decl":{"start":{"line":57,"column":9},"end":{"line":57,"column":0}},"loc":{"start":{"line":57,"column":40},"end":{"line":99,"column":1}}},"4":{"name":"(anonymous_4)","decl":{"start":{"line":60,"column":10},"end":{"line":60,"column":21}},"loc":{"start":{"line":60,"column":26},"end":{"line":58,"column":2}}},"5":{"name":"(anonymous_5)","decl":{"start":{"line":61,"column":35},"end":{"line":61,"column":40}},"loc":{"start":{"line":61,"column":41},"end":{"line":61,"column":6}}},"6":{"name":"(anonymous_6)","decl":{"start":{"line":66,"column":41},"end":{"line":66,"column":46}},"loc":{"start":{"line":66,"column":47},"end":{"line":66,"column":8}}},"7":{"name":"(anonymous_7)","decl":{"start":{"line":96,"column":11},"end":{"line":96,"column":15}},"loc":{"start":{"line":96,"column":20},"end":{"line":58,"column":2}}},"8":{"name":"checkValidServiceWorker","decl":{"start":{"line":101,"column":9},"end":{"line":101,"column":0}},"loc":{"start":{"line":101,"column":48},"end":{"line":127,"column":1}}},"9":{"name":"(anonymous_9)","decl":{"start":{"line":104,"column":10},"end":{"line":104,"column":17}},"loc":{"start":{"line":104,"column":22},"end":{"line":103,"column":2}}},"10":{"name":"(anonymous_10)","decl":{"start":{"line":112,"column":43},"end":{"line":112,"column":54}},"loc":{"start":{"line":112,"column":59},"end":{"line":112,"column":8}}},"11":{"name":"(anonymous_11)","decl":{"start":{"line":113,"column":41},"end":{"line":113,"column":46}},"loc":{"start":{"line":113,"column":47},"end":{"line":113,"column":10}}},"12":{"name":"(anonymous_12)","decl":{"start":{"line":122,"column":11},"end":{"line":122,"column":16}},"loc":{"start":{"line":122,"column":17},"end":{"line":103,"column":2}}},"13":{"name":"unregister","decl":{"start":{"line":129,"column":16},"end":{"line":129,"column":7}},"loc":{"start":{"line":129,"column":29},"end":{"line":135,"column":1}}},"14":{"name":"(anonymous_14)","decl":{"start":{"line":131,"column":39},"end":{"line":131,"column":50}},"loc":{"start":{"line":131,"column":55},"end":{"line":131,"column":4}}}},"branchMap":{"0":{"loc":{"start":{"line":14,"column":2},"end":{"line":14,"column":1}},"type":"binary-expr","locations":[{"start":{"line":14,"column":2},"end":{"line":14,"column":1}},{"start":{"line":16,"column":4},"end":{"line":14,"column":2}},{"start":{"line":18,"column":4},"end":{"line":13,"column":27}}]},"1":{"loc":{"start":{"line":24,"column":2},"end":{"line":54,"column":3}},"type":"if","locations":[{"start":{"line":24,"column":2},"end":{"line":54,"column":3}},{"start":{"line":24,"column":2},"end":{"line":54,"column":3}}]},"2":{"loc":{"start":{"line":24,"column":6},"end":{"line":24,"column":5}},"type":"binary-expr","locations":[{"start":{"line":24,"column":6},"end":{"line":24,"column":5}},{"start":{"line":24,"column":47},"end":{"line":24,"column":2}}]},"3":{"loc":{"start":{"line":27,"column":4},"end":{"line":32,"column":5}},"type":"if","locations":[{"start":{"line":27,"column":4},"end":{"line":32,"column":5}},{"start":{"line":27,"column":4},"end":{"line":32,"column":5}}]},"4":{"loc":{"start":{"line":37,"column":6},"end":{"line":52,"column":7}},"type":"if","locations":[{"start":{"line":37,"column":6},"end":{"line":52,"column":7}},{"start":{"line":37,"column":6},"end":{"line":52,"column":7}}]},"5":{"loc":{"start":{"line":63,"column":8},"end":{"line":65,"column":9}},"type":"if","locations":[{"start":{"line":63,"column":8},"end":{"line":65,"column":9}},{"start":{"line":63,"column":8},"end":{"line":65,"column":9}}]},"6":{"loc":{"start":{"line":67,"column":10},"end":{"line":92,"column":11}},"type":"if","locations":[{"start":{"line":67,"column":10},"end":{"line":92,"column":11}},{"start":{"line":67,"column":10},"end":{"line":92,"column":11}}]},"7":{"loc":{"start":{"line":68,"column":12},"end":{"line":91,"column":13}},"type":"if","locations":[{"start":{"line":68,"column":12},"end":{"line":91,"column":13}},{"start":{"line":68,"column":12},"end":{"line":91,"column":13}}]},"8":{"loc":{"start":{"line":78,"column":14},"end":{"line":80,"column":15}},"type":"if","locations":[{"start":{"line":78,"column":14},"end":{"line":80,"column":15}},{"start":{"line":78,"column":14},"end":{"line":80,"column":15}}]},"9":{"loc":{"start":{"line":78,"column":18},"end":{"line":78,"column":24}},"type":"binary-expr","locations":[{"start":{"line":78,"column":18},"end":{"line":78,"column":24}},{"start":{"line":78,"column":28},"end":{"line":78,"column":14}}]},"10":{"loc":{"start":{"line":88,"column":14},"end":{"line":90,"column":15}},"type":"if","locations":[{"start":{"line":88,"column":14},"end":{"line":90,"column":15}},{"start":{"line":88,"column":14},"end":{"line":90,"column":15}}]},"11":{"loc":{"start":{"line":88,"column":18},"end":{"line":88,"column":24}},"type":"binary-expr","locations":[{"start":{"line":88,"column":18},"end":{"line":88,"column":24}},{"start":{"line":88,"column":28},"end":{"line":88,"column":14}}]},"12":{"loc":{"start":{"line":107,"column":6},"end":{"line":120,"column":7}},"type":"if","locations":[{"start":{"line":107,"column":6},"end":{"line":120,"column":7}},{"start":{"line":107,"column":6},"end":{"line":120,"column":7}}]},"13":{"loc":{"start":{"line":108,"column":8},"end":{"line":108,"column":7}},"type":"binary-expr","locations":[{"start":{"line":108,"column":8},"end":{"line":108,"column":7}},{"start":{"line":109,"column":9},"end":{"line":109,"column":8}},{"start":{"line":109,"column":32},"end":{"line":107,"column":6}}]},"14":{"loc":{"start":{"line":130,"column":2},"end":{"line":134,"column":3}},"type":"if","locations":[{"start":{"line":130,"column":2},"end":{"line":134,"column":3}},{"start":{"line":130,"column":2},"end":{"line":134,"column":3}}]}},"s":{"0":0,"1":0,"2":0,"3":0,"4":0,"5":0,"6":0,"7":0,"8":0,"9":0,"10":0,"11":0,"12":0,"13":0,"14":0,"15":0,"16":0,"17":0,"18":0,"19":0,"20":0,"21":0,"22":0,"23":0,"24":0,"25":0,"26":0,"27":0,"28":0,"29":0,"30":0,"31":0,"32":0,"33":0,"34":0,"35":0,"36":0,"37":0},"f":{"0":0,"1":0,"2":0,"3":0,"4":0,"5":0,"6":0,"7":0,"8":0,"9":0,"10":0,"11":0,"12":0,"13":0,"14":0},"b":{"0":[0,0,0],"1":[0,0],"2":[0,0],"3":[0,0],"4":[0,0],"5":[0,0],"6":[0,0],"7":[0,0],"8":[0,0],"9":[0,0],"10":[0,0],"11":[0,0],"12":[0,0],"13":[0,0,0],"14":[0,0]}}
,"/home/tvglobo/Documentos/my Github/forked/front-end-recruitment-1/src/setupTests.js": {"path":"/home/tvglobo/Documentos/my Github/forked/front-end-recruitment-1/src/setupTests.js","statementMap":{"0":{"start":{"line":8,"column":0},"end":{"line":8,"column":45}},"1":{"start":{"line":11,"column":0},"end":{"line":11,"column":21}},"2":{"start":{"line":12,"column":0},"end":{"line":12,"column":25}},"3":{"start":{"line":13,"column":0},"end":{"line":13,"column":23}},"4":{"start":{"line":14,"column":0},"end":{"line":14,"column":21}},"5":{"start":{"line":15,"column":0},"end":{"line":15,"column":21}},"6":{"start":{"line":16,"column":0},"end":{"line":16,"column":27}},"7":{"start":{"line":17,"column":0},"end":{"line":17,"column":39}}},"fnMap":{},"branchMap":{},"s":{"0":19,"1":19,"2":19,"3":19,"4":19,"5":19,"6":19,"7":19},"f":{},"b":{},"_coverageSchema":"332fd63041d2c1bcb487cc26dd0d5f7d97098a6c","hash":"5ee16dfbff1e1c97e9ca30ff26b8b0c03d98df80"}
,"/home/tvglobo/Documentos/my Github/forked/front-end-recruitment-1/src/components/App/index.js": {"path":"/home/tvglobo/Documentos/my Github/forked/front-end-recruitment-1/src/components/App/index.js","statementMap":{"0":{"start":{"line":9,"column":4},"end":{"line":17,"column":6}}},"fnMap":{"0":{"name":"(anonymous_0)","decl":{"start":{"line":8,"column":2},"end":{"line":8,"column":3}},"loc":{"start":{"line":8,"column":11},"end":{"line":18,"column":3}},"line":8}},"branchMap":{},"s":{"0":3},"f":{"0":3},"b":{},"_coverageSchema":"332fd63041d2c1bcb487cc26dd0d5f7d97098a6c","hash":"5d35b4d2708b1f057daee8a17054897ca97cb7af"}
,"/home/tvglobo/Documentos/my Github/forked/front-end-recruitment-1/src/components/Banner/index.js": {"path":"/home/tvglobo/Documentos/my Github/forked/front-end-recruitment-1/src/components/Banner/index.js","statementMap":{"0":{"start":{"line":5,"column":15},"end":{"line":9,"column":1}},"1":{"start":{"line":6,"column":2},"end":{"line":8,"column":8}}},"fnMap":{"0":{"name":"(anonymous_0)","decl":{"start":{"line":5,"column":15},"end":{"line":5,"column":16}},"loc":{"start":{"line":6,"column":2},"end":{"line":8,"column":8}},"line":6}},"branchMap":{},"s":{"0":3,"1":4},"f":{"0":4},"b":{},"_coverageSchema":"332fd63041d2c1bcb487cc26dd0d5f7d97098a6c","hash":"c6dc554a5fbd55a134620971906ad28d5a5e6c13"}
,"/home/tvglobo/Documentos/my Github/forked/front-end-recruitment-1/src/components/Checkbox/index.js": {"path":"/home/tvglobo/Documentos/my Github/forked/front-end-recruitment-1/src/components/Checkbox/index.js","statementMap":{"0":{"start":{"line":15,"column":44},"end":{"line":15,"column":54}},"1":{"start":{"line":17,"column":4},"end":{"line":21,"column":7}},"2":{"start":{"line":18,"column":6},"end":{"line":20,"column":7}},"3":{"start":{"line":23,"column":4},"end":{"line":23,"column":32}},"4":{"start":{"line":27,"column":31},"end":{"line":27,"column":41}},"5":{"start":{"line":28,"column":26},"end":{"line":28,"column":36}},"6":{"start":{"line":30,"column":4},"end":{"line":43,"column":6}}},"fnMap":{"0":{"name":"(anonymous_0)","decl":{"start":{"line":14,"column":25},"end":{"line":14,"column":26}},"loc":{"start":{"line":14,"column":31},"end":{"line":24,"column":3}},"line":14},"1":{"name":"(anonymous_1)","decl":{"start":{"line":17,"column":18},"end":{"line":17,"column":19}},"loc":{"start":{"line":18,"column":6},"end":{"line":20,"column":7}},"line":18},"2":{"name":"(anonymous_2)","decl":{"start":{"line":26,"column":2},"end":{"line":26,"column":3}},"loc":{"start":{"line":26,"column":11},"end":{"line":44,"column":3}},"line":26}},"branchMap":{},"s":{"0":2,"1":2,"2":2,"3":2,"4":60,"5":60,"6":60},"f":{"0":2,"1":2,"2":60},"b":{},"_coverageSchema":"332fd63041d2c1bcb487cc26dd0d5f7d97098a6c","hash":"8b69b736db41055535a1561bc2600c9deb3270db"}
,"/home/tvglobo/Documentos/my Github/forked/front-end-recruitment-1/src/components/Clearfix/index.js": {"path":"/home/tvglobo/Documentos/my Github/forked/front-end-recruitment-1/src/components/Clearfix/index.js","statementMap":{"0":{"start":{"line":5,"column":17},"end":{"line":7,"column":1}},"1":{"start":{"line":6,"column":2},"end":{"line":6,"column":34}}},"fnMap":{"0":{"name":"(anonymous_0)","decl":{"start":{"line":5,"column":17},"end":{"line":5,"column":18}},"loc":{"start":{"line":6,"column":2},"end":{"line":6,"column":34}},"line":6}},"branchMap":{},"s":{"0":5,"1":29},"f":{"0":29},"b":{},"_coverageSchema":"332fd63041d2c1bcb487cc26dd0d5f7d97098a6c","hash":"9578998d51880032b006b5003f6fd03b2f1516a6"}
,"/home/tvglobo/Documentos/my Github/forked/front-end-recruitment-1/src/components/FloatCart/index.js": {"path":"/home/tvglobo/Documentos/my Github/forked/front-end-recruitment-1/src/components/FloatCart/index.js","statementMap":{"0":{"start":{"line":27,"column":4},"end":{"line":29,"column":5}},"1":{"start":{"line":28,"column":6},"end":{"line":28,"column":44}},"2":{"start":{"line":31,"column":4},"end":{"line":33,"column":5}},"3":{"start":{"line":32,"column":6},"end":{"line":32,"column":52}},"4":{"start":{"line":37,"column":4},"end":{"line":37,"column":36}},"5":{"start":{"line":41,"column":4},"end":{"line":41,"column":37}},"6":{"start":{"line":45,"column":41},"end":{"line":45,"column":51}},"7":{"start":{"line":46,"column":31},"end":{"line":46,"column":36}},"8":{"start":{"line":48,"column":4},"end":{"line":53,"column":7}},"9":{"start":{"line":49,"column":6},"end":{"line":52,"column":7}},"10":{"start":{"line":50,"column":8},"end":{"line":50,"column":40}},"11":{"start":{"line":51,"column":8},"end":{"line":51,"column":36}},"12":{"start":{"line":55,"column":4},"end":{"line":57,"column":5}},"13":{"start":{"line":56,"column":6},"end":{"line":56,"column":33}},"14":{"start":{"line":59,"column":4},"end":{"line":59,"column":29}},"15":{"start":{"line":60,"column":4},"end":{"line":60,"column":25}},"16":{"start":{"line":64,"column":41},"end":{"line":64,"column":51}},"17":{"start":{"line":66,"column":18},"end":{"line":66,"column":66}},"18":{"start":{"line":66,"column":46},"end":{"line":66,"column":65}},"19":{"start":{"line":67,"column":4},"end":{"line":70,"column":5}},"20":{"start":{"line":68,"column":6},"end":{"line":68,"column":36}},"21":{"start":{"line":69,"column":6},"end":{"line":69,"column":31}},"22":{"start":{"line":79,"column":8},"end":{"line":79,"column":28}},"23":{"start":{"line":81,"column":4},"end":{"line":90,"column":5}},"24":{"start":{"line":82,"column":6},"end":{"line":82,"column":49}},"25":{"start":{"line":84,"column":6},"end":{"line":89,"column":8}},"26":{"start":{"line":94,"column":55},"end":{"line":94,"column":65}},"27":{"start":{"line":96,"column":21},"end":{"line":100,"column":6}},"28":{"start":{"line":97,"column":6},"end":{"line":99,"column":8}},"29":{"start":{"line":102,"column":18},"end":{"line":102,"column":32}},"30":{"start":{"line":104,"column":4},"end":{"line":106,"column":5}},"31":{"start":{"line":105,"column":6},"end":{"line":105,"column":39}},"32":{"start":{"line":108,"column":4},"end":{"line":176,"column":6}},"33":{"start":{"line":113,"column":27},"end":{"line":113,"column":48}},"34":{"start":{"line":123,"column":27},"end":{"line":123,"column":47}},"35":{"start":{"line":170,"column":32},"end":{"line":170,"column":56}},"36":{"start":{"line":180,"column":24},"end":{"line":185,"column":2}},"37":{"start":{"line":180,"column":34},"end":{"line":185,"column":1}}},"fnMap":{"0":{"name":"(anonymous_0)","decl":{"start":{"line":26,"column":2},"end":{"line":26,"column":3}},"loc":{"start":{"line":26,"column":39},"end":{"line":34,"column":3}},"line":26},"1":{"name":"(anonymous_1)","decl":{"start":{"line":36,"column":18},"end":{"line":36,"column":19}},"loc":{"start":{"line":36,"column":24},"end":{"line":38,"column":3}},"line":36},"2":{"name":"(anonymous_2)","decl":{"start":{"line":40,"column":19},"end":{"line":40,"column":20}},"loc":{"start":{"line":40,"column":25},"end":{"line":42,"column":3}},"line":40},"3":{"name":"(anonymous_3)","decl":{"start":{"line":44,"column":15},"end":{"line":44,"column":16}},"loc":{"start":{"line":44,"column":26},"end":{"line":61,"column":3}},"line":44},"4":{"name":"(anonymous_4)","decl":{"start":{"line":48,"column":25},"end":{"line":48,"column":26}},"loc":{"start":{"line":48,"column":31},"end":{"line":53,"column":5}},"line":48},"5":{"name":"(anonymous_5)","decl":{"start":{"line":63,"column":18},"end":{"line":63,"column":19}},"loc":{"start":{"line":63,"column":29},"end":{"line":71,"column":3}},"line":63},"6":{"name":"(anonymous_6)","decl":{"start":{"line":66,"column":41},"end":{"line":66,"column":42}},"loc":{"start":{"line":66,"column":46},"end":{"line":66,"column":65}},"line":66},"7":{"name":"(anonymous_7)","decl":{"start":{"line":73,"column":22},"end":{"line":73,"column":23}},"loc":{"start":{"line":73,"column":28},"end":{"line":91,"column":3}},"line":73},"8":{"name":"(anonymous_8)","decl":{"start":{"line":93,"column":2},"end":{"line":93,"column":3}},"loc":{"start":{"line":93,"column":11},"end":{"line":177,"column":3}},"line":93},"9":{"name":"(anonymous_9)","decl":{"start":{"line":96,"column":38},"end":{"line":96,"column":39}},"loc":{"start":{"line":96,"column":43},"end":{"line":100,"column":5}},"line":96},"10":{"name":"(anonymous_10)","decl":{"start":{"line":113,"column":21},"end":{"line":113,"column":22}},"loc":{"start":{"line":113,"column":27},"end":{"line":113,"column":48}},"line":113},"11":{"name":"(anonymous_11)","decl":{"start":{"line":123,"column":21},"end":{"line":123,"column":22}},"loc":{"start":{"line":123,"column":27},"end":{"line":123,"column":47}},"line":123},"12":{"name":"(anonymous_12)","decl":{"start":{"line":170,"column":26},"end":{"line":170,"column":27}},"loc":{"start":{"line":170,"column":32},"end":{"line":170,"column":56}},"line":170},"13":{"name":"(anonymous_13)","decl":{"start":{"line":180,"column":24},"end":{"line":180,"column":25}},"loc":{"start":{"line":180,"column":34},"end":{"line":185,"column":1}},"line":180}},"branchMap":{"0":{"loc":{"start":{"line":27,"column":4},"end":{"line":29,"column":5}},"type":"if","locations":[{"start":{"line":27,"column":4},"end":{"line":29,"column":5}},{"start":{"line":27,"column":4},"end":{"line":29,"column":5}}],"line":27},"1":{"loc":{"start":{"line":31,"column":4},"end":{"line":33,"column":5}},"type":"if","locations":[{"start":{"line":31,"column":4},"end":{"line":33,"column":5}},{"start":{"line":31,"column":4},"end":{"line":33,"column":5}}],"line":31},"2":{"loc":{"start":{"line":49,"column":6},"end":{"line":52,"column":7}},"type":"if","locations":[{"start":{"line":49,"column":6},"end":{"line":52,"column":7}},{"start":{"line":49,"column":6},"end":{"line":52,"column":7}}],"line":49},"3":{"loc":{"start":{"line":55,"column":4},"end":{"line":57,"column":5}},"type":"if","locations":[{"start":{"line":55,"column":4},"end":{"line":57,"column":5}},{"start":{"line":55,"column":4},"end":{"line":57,"column":5}}],"line":55},"4":{"loc":{"start":{"line":67,"column":4},"end":{"line":70,"column":5}},"type":"if","locations":[{"start":{"line":67,"column":4},"end":{"line":70,"column":5}},{"start":{"line":67,"column":4},"end":{"line":70,"column":5}}],"line":67},"5":{"loc":{"start":{"line":81,"column":4},"end":{"line":90,"column":5}},"type":"if","locations":[{"start":{"line":81,"column":4},"end":{"line":90,"column":5}},{"start":{"line":81,"column":4},"end":{"line":90,"column":5}}],"line":81},"6":{"loc":{"start":{"line":104,"column":4},"end":{"line":106,"column":5}},"type":"if","locations":[{"start":{"line":104,"column":4},"end":{"line":106,"column":5}},{"start":{"line":104,"column":4},"end":{"line":106,"column":5}}],"line":104},"7":{"loc":{"start":{"line":111,"column":9},"end":{"line":118,"column":9}},"type":"binary-expr","locations":[{"start":{"line":111,"column":9},"end":{"line":111,"column":26}},{"start":{"line":112,"column":10},"end":{"line":117,"column":16}}],"line":111},"8":{"loc":{"start":{"line":121,"column":9},"end":{"line":128,"column":9}},"type":"binary-expr","locations":[{"start":{"line":121,"column":9},"end":{"line":121,"column":27}},{"start":{"line":122,"column":10},"end":{"line":127,"column":17}}],"line":121},"9":{"loc":{"start":{"line":140,"column":13},"end":{"line":145,"column":13}},"type":"binary-expr","locations":[{"start":{"line":140,"column":13},"end":{"line":140,"column":29}},{"start":{"line":141,"column":14},"end":{"line":144,"column":18}}],"line":140},"10":{"loc":{"start":{"line":158,"column":17},"end":{"line":167,"column":17}},"type":"binary-expr","locations":[{"start":{"line":158,"column":17},"end":{"line":158,"column":41}},{"start":{"line":159,"column":18},"end":{"line":166,"column":25}}],"line":158}},"s":{"0":2,"1":1,"2":2,"3":0,"4":1,"5":0,"6":1,"7":1,"8":1,"9":0,"10":0,"11":0,"12":1,"13":1,"14":1,"15":1,"16":0,"17":0,"18":0,"19":0,"20":0,"21":0,"22":0,"23":0,"24":0,"25":0,"26":6,"27":6,"28":4,"29":6,"30":6,"31":2,"32":6,"33":0,"34":0,"35":0,"36":3,"37":7},"f":{"0":2,"1":1,"2":0,"3":1,"4":0,"5":0,"6":0,"7":0,"8":6,"9":4,"10":0,"11":0,"12":0,"13":7},"b":{"0":[1,1],"1":[0,2],"2":[0,0],"3":[1,0],"4":[0,0],"5":[0,0],"6":[2,4],"7":[6,2],"8":[6,4],"9":[6,3],"10":[6,1]},"_coverageSchema":"332fd63041d2c1bcb487cc26dd0d5f7d97098a6c","hash":"f6fd93db421a32f91d0e67ed141f2f0abdeee0c7"}
,"/home/tvglobo/Documentos/my Github/forked/front-end-recruitment-1/src/components/FloatCart/CartProduct/index.js": {"path":"/home/tvglobo/Documentos/my Github/forked/front-end-recruitment-1/src/components/FloatCart/CartProduct/index.js","statementMap":{"0":{"start":{"line":7,"column":19},"end":{"line":7,"column":57}},"1":{"start":{"line":20,"column":4},"end":{"line":20,"column":39}},"2":{"start":{"line":24,"column":4},"end":{"line":24,"column":40}},"3":{"start":{"line":29,"column":39},"end":{"line":29,"column":49}},"4":{"start":{"line":31,"column":20},"end":{"line":31,"column":34}},"5":{"start":{"line":33,"column":4},"end":{"line":35,"column":5}},"6":{"start":{"line":34,"column":6},"end":{"line":34,"column":44}},"7":{"start":{"line":37,"column":4},"end":{"line":63,"column":6}},"8":{"start":{"line":41,"column":29},"end":{"line":41,"column":51}},"9":{"start":{"line":42,"column":28},"end":{"line":42,"column":49}},"10":{"start":{"line":43,"column":25},"end":{"line":43,"column":47}}},"fnMap":{"0":{"name":"(anonymous_0)","decl":{"start":{"line":19,"column":20},"end":{"line":19,"column":21}},"loc":{"start":{"line":19,"column":26},"end":{"line":21,"column":3}},"line":19},"1":{"name":"(anonymous_1)","decl":{"start":{"line":23,"column":19},"end":{"line":23,"column":20}},"loc":{"start":{"line":23,"column":25},"end":{"line":25,"column":3}},"line":23},"2":{"name":"(anonymous_2)","decl":{"start":{"line":28,"column":2},"end":{"line":28,"column":3}},"loc":{"start":{"line":28,"column":10},"end":{"line":64,"column":3}},"line":28},"3":{"name":"(anonymous_3)","decl":{"start":{"line":41,"column":23},"end":{"line":41,"column":24}},"loc":{"start":{"line":41,"column":29},"end":{"line":41,"column":51}},"line":41},"4":{"name":"(anonymous_4)","decl":{"start":{"line":42,"column":22},"end":{"line":42,"column":23}},"loc":{"start":{"line":42,"column":28},"end":{"line":42,"column":49}},"line":42},"5":{"name":"(anonymous_5)","decl":{"start":{"line":43,"column":19},"end":{"line":43,"column":20}},"loc":{"start":{"line":43,"column":25},"end":{"line":43,"column":47}},"line":43}},"branchMap":{"0":{"loc":{"start":{"line":33,"column":4},"end":{"line":35,"column":5}},"type":"if","locations":[{"start":{"line":33,"column":4},"end":{"line":35,"column":5}},{"start":{"line":33,"column":4},"end":{"line":35,"column":5}}],"line":33}},"s":{"0":4,"1":1,"2":0,"3":6,"4":6,"5":6,"6":1,"7":6,"8":1,"9":0,"10":0},"f":{"0":1,"1":0,"2":6,"3":1,"4":0,"5":0},"b":{"0":[1,5]},"_coverageSchema":"332fd63041d2c1bcb487cc26dd0d5f7d97098a6c","hash":"9563eaa32269a37fb9f8c2fbdd2147fc666b5c7b"}
,"/home/tvglobo/Documentos/my Github/forked/front-end-recruitment-1/src/components/Selectbox/index.js": {"path":"/home/tvglobo/Documentos/my Github/forked/front-end-recruitment-1/src/components/Selectbox/index.js","statementMap":{"0":{"start":{"line":16,"column":31},"end":{"line":16,"column":107}},"1":{"start":{"line":16,"column":49},"end":{"line":16,"column":105}},"2":{"start":{"line":19,"column":4},"end":{"line":19,"column":46}},"3":{"start":{"line":23,"column":33},"end":{"line":23,"column":43}},"4":{"start":{"line":25,"column":4},"end":{"line":29,"column":6}},"5":{"start":{"line":26,"column":32},"end":{"line":26,"column":48}}},"fnMap":{"0":{"name":"(anonymous_0)","decl":{"start":{"line":16,"column":18},"end":{"line":16,"column":19}},"loc":{"start":{"line":16,"column":31},"end":{"line":16,"column":107}},"line":16},"1":{"name":"(anonymous_1)","decl":{"start":{"line":16,"column":44},"end":{"line":16,"column":45}},"loc":{"start":{"line":16,"column":49},"end":{"line":16,"column":105}},"line":16},"2":{"name":"(anonymous_2)","decl":{"start":{"line":18,"column":13},"end":{"line":18,"column":14}},"loc":{"start":{"line":18,"column":20},"end":{"line":20,"column":3}},"line":18},"3":{"name":"(anonymous_3)","decl":{"start":{"line":22,"column":2},"end":{"line":22,"column":3}},"loc":{"start":{"line":22,"column":11},"end":{"line":30,"column":3}},"line":22},"4":{"name":"(anonymous_4)","decl":{"start":{"line":26,"column":25},"end":{"line":26,"column":26}},"loc":{"start":{"line":26,"column":32},"end":{"line":26,"column":48}},"line":26}},"branchMap":{},"s":{"0":10,"1":30,"2":0,"3":10,"4":10,"5":0},"f":{"0":10,"1":30,"2":0,"3":10,"4":0},"b":{},"_coverageSchema":"332fd63041d2c1bcb487cc26dd0d5f7d97098a6c","hash":"347a4bcc5d1d0e964323190576898ac4dd316b07"}
,"/home/tvglobo/Documentos/my Github/forked/front-end-recruitment-1/src/components/Shelf/index.js": {"path":"/home/tvglobo/Documentos/my Github/forked/front-end-recruitment-1/src/components/Shelf/index.js","statementMap":{"0":{"start":{"line":30,"column":30},"end":{"line":30,"column":40}},"1":{"start":{"line":32,"column":4},"end":{"line":32,"column":44}},"2":{"start":{"line":36,"column":53},"end":{"line":36,"column":62}},"3":{"start":{"line":38,"column":4},"end":{"line":40,"column":5}},"4":{"start":{"line":39,"column":6},"end":{"line":39,"column":55}},"5":{"start":{"line":42,"column":4},"end":{"line":44,"column":5}},"6":{"start":{"line":43,"column":6},"end":{"line":43,"column":52}},"7":{"start":{"line":51,"column":4},"end":{"line":51,"column":37}},"8":{"start":{"line":52,"column":4},"end":{"line":54,"column":7}},"9":{"start":{"line":53,"column":6},"end":{"line":53,"column":40}},"10":{"start":{"line":58,"column":25},"end":{"line":58,"column":35}},"11":{"start":{"line":60,"column":14},"end":{"line":64,"column":6}},"12":{"start":{"line":61,"column":6},"end":{"line":63,"column":8}},"13":{"start":{"line":66,"column":4},"end":{"line":77,"column":6}},"14":{"start":{"line":81,"column":24},"end":{"line":85,"column":2}},"15":{"start":{"line":81,"column":34},"end":{"line":85,"column":1}}},"fnMap":{"0":{"name":"(anonymous_0)","decl":{"start":{"line":29,"column":2},"end":{"line":29,"column":3}},"loc":{"start":{"line":29,"column":23},"end":{"line":33,"column":3}},"line":29},"1":{"name":"(anonymous_1)","decl":{"start":{"line":35,"column":2},"end":{"line":35,"column":3}},"loc":{"start":{"line":35,"column":39},"end":{"line":45,"column":3}},"line":35},"2":{"name":"(anonymous_2)","decl":{"start":{"line":47,"column":24},"end":{"line":47,"column":25}},"loc":{"start":{"line":50,"column":7},"end":{"line":55,"column":3}},"line":50},"3":{"name":"(anonymous_3)","decl":{"start":{"line":52,"column":44},"end":{"line":52,"column":45}},"loc":{"start":{"line":52,"column":50},"end":{"line":54,"column":5}},"line":52},"4":{"name":"(anonymous_4)","decl":{"start":{"line":57,"column":2},"end":{"line":57,"column":3}},"loc":{"start":{"line":57,"column":11},"end":{"line":78,"column":3}},"line":57},"5":{"name":"(anonymous_5)","decl":{"start":{"line":60,"column":27},"end":{"line":60,"column":28}},"loc":{"start":{"line":60,"column":32},"end":{"line":64,"column":5}},"line":60},"6":{"name":"(anonymous_6)","decl":{"start":{"line":81,"column":24},"end":{"line":81,"column":25}},"loc":{"start":{"line":81,"column":34},"end":{"line":85,"column":1}},"line":81}},"branchMap":{"0":{"loc":{"start":{"line":38,"column":4},"end":{"line":40,"column":5}},"type":"if","locations":[{"start":{"line":38,"column":4},"end":{"line":40,"column":5}},{"start":{"line":38,"column":4},"end":{"line":40,"column":5}}],"line":38},"1":{"loc":{"start":{"line":42,"column":4},"end":{"line":44,"column":5}},"type":"if","locations":[{"start":{"line":42,"column":4},"end":{"line":44,"column":5}},{"start":{"line":42,"column":4},"end":{"line":44,"column":5}}],"line":42},"2":{"loc":{"start":{"line":48,"column":4},"end":{"line":48,"column":32}},"type":"default-arg","locations":[{"start":{"line":48,"column":14},"end":{"line":48,"column":32}}],"line":48},"3":{"loc":{"start":{"line":49,"column":4},"end":{"line":49,"column":26}},"type":"default-arg","locations":[{"start":{"line":49,"column":11},"end":{"line":49,"column":26}}],"line":49},"4":{"loc":{"start":{"line":68,"column":9},"end":{"line":68,"column":42}},"type":"binary-expr","locations":[{"start":{"line":68,"column":9},"end":{"line":68,"column":27}},{"start":{"line":68,"column":31},"end":{"line":68,"column":42}}],"line":68}},"s":{"0":7,"1":7,"2":1,"3":1,"4":0,"5":1,"6":0,"7":7,"8":7,"9":1,"10":9,"11":9,"12":10,"13":9,"14":3,"15":10},"f":{"0":7,"1":1,"2":7,"3":1,"4":9,"5":10,"6":10},"b":{"0":[0,1],"1":[0,1],"2":[7],"3":[0],"4":[9,7]},"_coverageSchema":"332fd63041d2c1bcb487cc26dd0d5f7d97098a6c","hash":"5809b1c2986d6191030ad9f6afc169ef5b3342c8"}
,"/home/tvglobo/Documentos/my Github/forked/front-end-recruitment-1/src/components/Shelf/Filter/index.js": {"path":"/home/tvglobo/Documentos/my Github/forked/front-end-recruitment-1/src/components/Shelf/Filter/index.js","statementMap":{"0":{"start":{"line":10,"column":23},"end":{"line":10,"column":64}},"1":{"start":{"line":19,"column":4},"end":{"line":19,"column":40}},"2":{"start":{"line":23,"column":4},"end":{"line":27,"column":5}},"3":{"start":{"line":24,"column":6},"end":{"line":24,"column":44}},"4":{"start":{"line":26,"column":6},"end":{"line":26,"column":41}},"5":{"start":{"line":29,"column":4},"end":{"line":29,"column":66}},"6":{"start":{"line":33,"column":4},"end":{"line":38,"column":6}},"7":{"start":{"line":41,"column":27},"end":{"line":41,"column":66}},"8":{"start":{"line":44,"column":4},"end":{"line":49,"column":6}},"9":{"start":{"line":53,"column":24},"end":{"line":55,"column":2}},"10":{"start":{"line":53,"column":34},"end":{"line":55,"column":1}}},"fnMap":{"0":{"name":"(anonymous_0)","decl":{"start":{"line":18,"column":2},"end":{"line":18,"column":3}},"loc":{"start":{"line":18,"column":23},"end":{"line":20,"column":3}},"line":18},"1":{"name":"(anonymous_1)","decl":{"start":{"line":22,"column":19},"end":{"line":22,"column":20}},"loc":{"start":{"line":22,"column":28},"end":{"line":30,"column":3}},"line":22},"2":{"name":"(anonymous_2)","decl":{"start":{"line":32,"column":19},"end":{"line":32,"column":20}},"loc":{"start":{"line":33,"column":4},"end":{"line":38,"column":6}},"line":33},"3":{"name":"(anonymous_3)","decl":{"start":{"line":41,"column":21},"end":{"line":41,"column":22}},"loc":{"start":{"line":41,"column":27},"end":{"line":41,"column":66}},"line":41},"4":{"name":"(anonymous_4)","decl":{"start":{"line":43,"column":2},"end":{"line":43,"column":3}},"loc":{"start":{"line":43,"column":11},"end":{"line":50,"column":3}},"line":43},"5":{"name":"(anonymous_5)","decl":{"start":{"line":53,"column":24},"end":{"line":53,"column":25}},"loc":{"start":{"line":53,"column":34},"end":{"line":55,"column":1}},"line":53}},"branchMap":{"0":{"loc":{"start":{"line":23,"column":4},"end":{"line":27,"column":5}},"type":"if","locations":[{"start":{"line":23,"column":4},"end":{"line":27,"column":5}},{"start":{"line":23,"column":4},"end":{"line":27,"column":5}}],"line":23}},"s":{"0":4,"1":8,"2":0,"3":0,"4":0,"5":0,"6":56,"7":8,"8":8,"9":4,"10":11},"f":{"0":8,"1":0,"2":56,"3":8,"4":8,"5":11},"b":{"0":[0,0]},"_coverageSchema":"332fd63041d2c1bcb487cc26dd0d5f7d97098a6c","hash":"40bd4eaaa38b5e3769a1699b4aebed8756c1db3b"}
,"/home/tvglobo/Documentos/my Github/forked/front-end-recruitment-1/src/components/Shelf/Product/index.js": {"path":"/home/tvglobo/Documentos/my Github/forked/front-end-recruitment-1/src/components/Shelf/Product/index.js","statementMap":{"0":{"start":{"line":7,"column":19},"end":{"line":7,"column":57}},"1":{"start":{"line":10,"column":16},"end":{"line":54,"column":1}},"2":{"start":{"line":11,"column":18},"end":{"line":11,"column":31}},"3":{"start":{"line":13,"column":2},"end":{"line":13,"column":23}},"4":{"start":{"line":15,"column":23},"end":{"line":15,"column":74}},"5":{"start":{"line":19,"column":2},"end":{"line":27,"column":3}},"6":{"start":{"line":20,"column":30},"end":{"line":20,"column":66}},"7":{"start":{"line":22,"column":4},"end":{"line":26,"column":6}},"8":{"start":{"line":29,"column":2},"end":{"line":53,"column":4}},"9":{"start":{"line":51,"column":26},"end":{"line":51,"column":51}},"10":{"start":{"line":57,"column":0},"end":{"line":60,"column":2}}},"fnMap":{"0":{"name":"(anonymous_0)","decl":{"start":{"line":10,"column":16},"end":{"line":10,"column":17}},"loc":{"start":{"line":10,"column":25},"end":{"line":54,"column":1}},"line":10},"1":{"name":"(anonymous_1)","decl":{"start":{"line":51,"column":20},"end":{"line":51,"column":21}},"loc":{"start":{"line":51,"column":26},"end":{"line":51,"column":51}},"line":51}},"branchMap":{"0":{"loc":{"start":{"line":19,"column":2},"end":{"line":27,"column":3}},"type":"if","locations":[{"start":{"line":19,"column":2},"end":{"line":27,"column":3}},{"start":{"line":19,"column":2},"end":{"line":27,"column":3}}],"line":19},"1":{"loc":{"start":{"line":31,"column":7},"end":{"line":32,"column":57}},"type":"binary-expr","locations":[{"start":{"line":31,"column":7},"end":{"line":31,"column":29}},{"start":{"line":32,"column":8},"end":{"line":32,"column":57}}],"line":31}},"s":{"0":4,"1":4,"2":11,"3":11,"4":11,"5":11,"6":11,"7":11,"8":11,"9":1,"10":4},"f":{"0":11,"1":1},"b":{"0":[11,0],"1":[11,11]},"_coverageSchema":"332fd63041d2c1bcb487cc26dd0d5f7d97098a6c","hash":"8b8de7530d70c8b2b99e36c929c7a2212e9f4750"}
,"/home/tvglobo/Documentos/my Github/forked/front-end-recruitment-1/src/components/Shelf/ShelfHeader/index.js": {"path":"/home/tvglobo/Documentos/my Github/forked/front-end-recruitment-1/src/components/Shelf/ShelfHeader/index.js","statementMap":{"0":{"start":{"line":7,"column":20},"end":{"line":17,"column":1}},"1":{"start":{"line":8,"column":2},"end":{"line":16,"column":4}},"2":{"start":{"line":19,"column":0},"end":{"line":21,"column":2}}},"fnMap":{"0":{"name":"(anonymous_0)","decl":{"start":{"line":7,"column":20},"end":{"line":7,"column":21}},"loc":{"start":{"line":7,"column":29},"end":{"line":17,"column":1}},"line":7}},"branchMap":{},"s":{"0":4,"1":10,"2":4},"f":{"0":10},"b":{},"_coverageSchema":"332fd63041d2c1bcb487cc26dd0d5f7d97098a6c","hash":"239568e4f4b4092eb68b3dc594dab71e11db4c3d"}
,"/home/tvglobo/Documentos/my Github/forked/front-end-recruitment-1/src/components/Shelf/Sort/index.js": {"path":"/home/tvglobo/Documentos/my Github/forked/front-end-recruitment-1/src/components/Shelf/Sort/index.js","statementMap":{"0":{"start":{"line":8,"column":15},"end":{"line":12,"column":1}},"1":{"start":{"line":21,"column":4},"end":{"line":21,"column":33}},"2":{"start":{"line":25,"column":4},"end":{"line":30,"column":6}},"3":{"start":{"line":34,"column":24},"end":{"line":36,"column":2}},"4":{"start":{"line":34,"column":34},"end":{"line":36,"column":1}}},"fnMap":{"0":{"name":"(anonymous_0)","decl":{"start":{"line":20,"column":15},"end":{"line":20,"column":16}},"loc":{"start":{"line":20,"column":24},"end":{"line":22,"column":3}},"line":20},"1":{"name":"(anonymous_1)","decl":{"start":{"line":24,"column":2},"end":{"line":24,"column":3}},"loc":{"start":{"line":24,"column":11},"end":{"line":31,"column":3}},"line":24},"2":{"name":"(anonymous_2)","decl":{"start":{"line":34,"column":24},"end":{"line":34,"column":25}},"loc":{"start":{"line":34,"column":34},"end":{"line":36,"column":1}},"line":34}},"branchMap":{},"s":{"0":5,"1":0,"2":9,"3":5,"4":12},"f":{"0":0,"1":9,"2":12},"b":{},"_coverageSchema":"332fd63041d2c1bcb487cc26dd0d5f7d97098a6c","hash":"e39e4662deb3134d79c021134d31d838bd09d7af"}
,"/home/tvglobo/Documentos/my Github/forked/front-end-recruitment-1/src/components/Spinner/index.js": {"path":"/home/tvglobo/Documentos/my Github/forked/front-end-recruitment-1/src/components/Spinner/index.js","statementMap":{"0":{"start":{"line":6,"column":2},"end":{"line":6,"column":86}}},"fnMap":{"0":{"name":"(anonymous_0)","decl":{"start":{"line":5,"column":15},"end":{"line":5,"column":16}},"loc":{"start":{"line":6,"column":2},"end":{"line":6,"column":86}},"line":6}},"branchMap":{},"s":{"0":8},"f":{"0":8},"b":{},"_coverageSchema":"332fd63041d2c1bcb487cc26dd0d5f7d97098a6c","hash":"929e2c6ee12b45638437dcdb56107bf89c1935ec"}
,"/home/tvglobo/Documentos/my Github/forked/front-end-recruitment-1/src/components/Thumb/index.js": {"path":"/home/tvglobo/Documentos/my Github/forked/front-end-recruitment-1/src/components/Thumb/index.js","statementMap":{"0":{"start":{"line":5,"column":14},"end":{"line":11,"column":1}},"1":{"start":{"line":6,"column":2},"end":{"line":10,"column":4}},"2":{"start":{"line":13,"column":0},"end":{"line":18,"column":2}}},"fnMap":{"0":{"name":"(anonymous_0)","decl":{"start":{"line":5,"column":14},"end":{"line":5,"column":15}},"loc":{"start":{"line":5,"column":23},"end":{"line":11,"column":1}},"line":5}},"branchMap":{},"s":{"0":7,"1":18,"2":7},"f":{"0":18},"b":{},"_coverageSchema":"332fd63041d2c1bcb487cc26dd0d5f7d97098a6c","hash":"14c3a44cffc8130daa70e63cc3b73b6dbbadee22"}
,"/home/tvglobo/Documentos/my Github/forked/front-end-recruitment-1/src/services/axios.js": {"path":"/home/tvglobo/Documentos/my Github/forked/front-end-recruitment-1/src/services/axios.js","statementMap":{"0":{"start":{"line":3,"column":17},"end":{"line":5,"column":2}}},"fnMap":{},"branchMap":{},"s":{"0":3},"f":{},"b":{},"_coverageSchema":"332fd63041d2c1bcb487cc26dd0d5f7d97098a6c","hash":"533196293ac6a9bba6f20170f3cb8a978c268dd9"}
,"/home/tvglobo/Documentos/my Github/forked/front-end-recruitment-1/src/services/reducers.js": {"path":"/home/tvglobo/Documentos/my Github/forked/front-end-recruitment-1/src/services/reducers.js","statementMap":{},"fnMap":{},"branchMap":{},"s":{},"f":{},"b":{},"_coverageSchema":"332fd63041d2c1bcb487cc26dd0d5f7d97098a6c","hash":"aabbd6783cb4ac95dba0b4b627f67374ae3dd114"}
,"/home/tvglobo/Documentos/my Github/forked/front-end-recruitment-1/src/services/store.js": {"path":"/home/tvglobo/Documentos/my Github/forked/front-end-recruitment-1/src/services/store.js","statementMap":{"0":{"start":{"line":6,"column":2},"end":{"line":7,"column":69}},"1":{"start":{"line":8,"column":21},"end":{"line":8,"column":28}},"2":{"start":{"line":10,"column":16},"end":{"line":18,"column":3}},"3":{"start":{"line":20,"column":2},"end":{"line":28,"column":5}},"4":{"start":{"line":21,"column":18},"end":{"line":21,"column":34}},"5":{"start":{"line":22,"column":20},"end":{"line":25,"column":5}},"6":{"start":{"line":27,"column":4},"end":{"line":27,"column":66}},"7":{"start":{"line":30,"column":2},"end":{"line":30,"column":15}}},"fnMap":{"0":{"name":"(anonymous_0)","decl":{"start":{"line":5,"column":15},"end":{"line":5,"column":16}},"loc":{"start":{"line":5,"column":31},"end":{"line":31,"column":1}},"line":5},"1":{"name":"(anonymous_1)","decl":{"start":{"line":20,"column":18},"end":{"line":20,"column":19}},"loc":{"start":{"line":20,"column":24},"end":{"line":28,"column":3}},"line":20}},"branchMap":{"0":{"loc":{"start":{"line":7,"column":4},"end":{"line":7,"column":68}},"type":"binary-expr","locations":[{"start":{"line":7,"column":4},"end":{"line":7,"column":52}},{"start":{"line":7,"column":56},"end":{"line":7,"column":68}}],"line":7}},"s":{"0":11,"1":11,"2":11,"3":11,"4":3,"5":3,"6":3,"7":11},"f":{"0":11,"1":3},"b":{"0":[11,11]},"_coverageSchema":"332fd63041d2c1bcb487cc26dd0d5f7d97098a6c","hash":"992bb00ae7eaab03ceb1d1d42ca3b3f934676ffd"}
,"/home/tvglobo/Documentos/my Github/forked/front-end-recruitment-1/src/services/util.js": {"path":"/home/tvglobo/Documentos/my Github/forked/front-end-recruitment-1/src/services/util.js","statementMap":{"0":{"start":{"line":1,"column":20},"end":{"line":8,"column":1}},"1":{"start":{"line":2,"column":2},"end":{"line":7,"column":3}},"2":{"start":{"line":4,"column":6},"end":{"line":4,"column":44}},"3":{"start":{"line":6,"column":6},"end":{"line":6,"column":26}}},"fnMap":{"0":{"name":"(anonymous_0)","decl":{"start":{"line":1,"column":20},"end":{"line":1,"column":21}},"loc":{"start":{"line":1,"column":37},"end":{"line":8,"column":1}},"line":1}},"branchMap":{"0":{"loc":{"start":{"line":2,"column":2},"end":{"line":7,"column":3}},"type":"switch","locations":[{"start":{"line":3,"column":4},"end":{"line":4,"column":44}},{"start":{"line":5,"column":4},"end":{"line":6,"column":26}}],"line":2}},"s":{"0":7,"1":37,"2":25,"3":12},"f":{"0":37},"b":{"0":[25,12]},"_coverageSchema":"332fd63041d2c1bcb487cc26dd0d5f7d97098a6c","hash":"eeb30e314dd1aae4bb4b6caa45f9e392caaac419"}
,"/home/tvglobo/Documentos/my Github/forked/front-end-recruitment-1/src/services/cart/actionTypes.js": {"path":"/home/tvglobo/Documentos/my Github/forked/front-end-recruitment-1/src/services/cart/actionTypes.js","statementMap":{"0":{"start":{"line":1,"column":25},"end":{"line":1,"column":36}},"1":{"start":{"line":2,"column":27},"end":{"line":2,"column":40}},"2":{"start":{"line":3,"column":30},"end":{"line":3,"column":46}},"3":{"start":{"line":4,"column":27},"end":{"line":4,"column":40}}},"fnMap":{},"branchMap":{},"s":{"0":8,"1":8,"2":8,"3":8},"f":{},"b":{},"_coverageSchema":"332fd63041d2c1bcb487cc26dd0d5f7d97098a6c","hash":"6b3a96e697b7a2aec25235d1d1929aff3ad0b224"}
,"/home/tvglobo/Documentos/my Github/forked/front-end-recruitment-1/src/services/cart/actions.js": {"path":"/home/tvglobo/Documentos/my Github/forked/front-end-recruitment-1/src/services/cart/actions.js","statementMap":{"0":{"start":{"line":4,"column":24},"end":{"line":7,"column":2}},"1":{"start":{"line":4,"column":37},"end":{"line":7,"column":1}},"2":{"start":{"line":9,"column":26},"end":{"line":12,"column":2}},"3":{"start":{"line":9,"column":38},"end":{"line":12,"column":1}},"4":{"start":{"line":14,"column":29},"end":{"line":17,"column":2}},"5":{"start":{"line":14,"column":41},"end":{"line":17,"column":1}}},"fnMap":{"0":{"name":"(anonymous_0)","decl":{"start":{"line":4,"column":24},"end":{"line":4,"column":25}},"loc":{"start":{"line":4,"column":37},"end":{"line":7,"column":1}},"line":4},"1":{"name":"(anonymous_1)","decl":{"start":{"line":9,"column":26},"end":{"line":9,"column":27}},"loc":{"start":{"line":9,"column":38},"end":{"line":12,"column":1}},"line":9},"2":{"name":"(anonymous_2)","decl":{"start":{"line":14,"column":29},"end":{"line":14,"column":30}},"loc":{"start":{"line":14,"column":41},"end":{"line":17,"column":1}},"line":14}},"branchMap":{},"s":{"0":5,"1":0,"2":5,"3":1,"4":5,"5":0},"f":{"0":0,"1":1,"2":0},"b":{},"_coverageSchema":"332fd63041d2c1bcb487cc26dd0d5f7d97098a6c","hash":"26c468f3dd970e2d14bfd576b532974d6faa0c65"}
,"/home/tvglobo/Documentos/my Github/forked/front-end-recruitment-1/src/services/cart/reducer.js": {"path":"/home/tvglobo/Documentos/my Github/forked/front-end-recruitment-1/src/services/cart/reducer.js","statementMap":{"0":{"start":{"line":4,"column":21},"end":{"line":6,"column":1}},"1":{"start":{"line":9,"column":2},"end":{"line":27,"column":3}},"2":{"start":{"line":11,"column":6},"end":{"line":14,"column":8}},"3":{"start":{"line":16,"column":6},"end":{"line":19,"column":8}},"4":{"start":{"line":21,"column":6},"end":{"line":24,"column":8}},"5":{"start":{"line":26,"column":6},"end":{"line":26,"column":19}}},"fnMap":{"0":{"name":"(anonymous_0)","decl":{"start":{"line":8,"column":15},"end":{"line":8,"column":16}},"loc":{"start":{"line":8,"column":54},"end":{"line":28,"column":1}},"line":8}},"branchMap":{"0":{"loc":{"start":{"line":8,"column":24},"end":{"line":8,"column":44}},"type":"default-arg","locations":[{"start":{"line":8,"column":32},"end":{"line":8,"column":44}}],"line":8},"1":{"loc":{"start":{"line":9,"column":2},"end":{"line":27,"column":3}},"type":"switch","locations":[{"start":{"line":10,"column":4},"end":{"line":14,"column":8}},{"start":{"line":15,"column":4},"end":{"line":19,"column":8}},{"start":{"line":20,"column":4},"end":{"line":24,"column":8}},{"start":{"line":25,"column":4},"end":{"line":26,"column":19}}],"line":9}},"s":{"0":7,"1":28,"2":0,"3":1,"4":0,"5":27},"f":{"0":28},"b":{"0":[24],"1":[0,1,0,27]},"_coverageSchema":"332fd63041d2c1bcb487cc26dd0d5f7d97098a6c","hash":"3eb0d6fbaa5a5aa9450a651cd2792e322224c30e"}
,"/home/tvglobo/Documentos/my Github/forked/front-end-recruitment-1/src/services/filters/actionTypes.js": {"path":"/home/tvglobo/Documentos/my Github/forked/front-end-recruitment-1/src/services/filters/actionTypes.js","statementMap":{"0":{"start":{"line":1,"column":29},"end":{"line":1,"column":44}}},"fnMap":{},"branchMap":{},"s":{"0":8},"f":{},"b":{},"_coverageSchema":"332fd63041d2c1bcb487cc26dd0d5f7d97098a6c","hash":"a88b6bb5ad615b8f158355c35e5b61f2f8b8a377"}
,"/home/tvglobo/Documentos/my Github/forked/front-end-recruitment-1/src/services/filters/actions.js": {"path":"/home/tvglobo/Documentos/my Github/forked/front-end-recruitment-1/src/services/filters/actions.js","statementMap":{"0":{"start":{"line":4,"column":29},"end":{"line":7,"column":2}},"1":{"start":{"line":4,"column":43},"end":{"line":7,"column":1}}},"fnMap":{"0":{"name":"(anonymous_0)","decl":{"start":{"line":4,"column":29},"end":{"line":4,"column":30}},"loc":{"start":{"line":4,"column":43},"end":{"line":7,"column":1}},"line":4}},"branchMap":{},"s":{"0":5,"1":0},"f":{"0":0},"b":{},"_coverageSchema":"332fd63041d2c1bcb487cc26dd0d5f7d97098a6c","hash":"e8f7488b6edb339f95880adb35d4a5992e745ae3"}
,"/home/tvglobo/Documentos/my Github/forked/front-end-recruitment-1/src/services/filters/reducer.js": {"path":"/home/tvglobo/Documentos/my Github/forked/front-end-recruitment-1/src/services/filters/reducer.js","statementMap":{"0":{"start":{"line":4,"column":21},"end":{"line":6,"column":1}},"1":{"start":{"line":9,"column":2},"end":{"line":17,"column":3}},"2":{"start":{"line":11,"column":6},"end":{"line":14,"column":8}},"3":{"start":{"line":16,"column":6},"end":{"line":16,"column":19}}},"fnMap":{"0":{"name":"(anonymous_0)","decl":{"start":{"line":8,"column":15},"end":{"line":8,"column":16}},"loc":{"start":{"line":8,"column":54},"end":{"line":18,"column":1}},"line":8}},"branchMap":{"0":{"loc":{"start":{"line":8,"column":24},"end":{"line":8,"column":44}},"type":"default-arg","locations":[{"start":{"line":8,"column":32},"end":{"line":8,"column":44}}],"line":8},"1":{"loc":{"start":{"line":9,"column":2},"end":{"line":17,"column":3}},"type":"switch","locations":[{"start":{"line":10,"column":4},"end":{"line":14,"column":8}},{"start":{"line":15,"column":4},"end":{"line":16,"column":19}}],"line":9}},"s":{"0":7,"1":28,"2":0,"3":28},"f":{"0":28},"b":{"0":[24],"1":[0,28]},"_coverageSchema":"332fd63041d2c1bcb487cc26dd0d5f7d97098a6c","hash":"cc3de0e0c9cc785f11806f50cb7b50d853379874"}
,"/home/tvglobo/Documentos/my Github/forked/front-end-recruitment-1/src/services/shelf/actionTypes.js": {"path":"/home/tvglobo/Documentos/my Github/forked/front-end-recruitment-1/src/services/shelf/actionTypes.js","statementMap":{"0":{"start":{"line":1,"column":30},"end":{"line":1,"column":46}}},"fnMap":{},"branchMap":{},"s":{"0":7},"f":{},"b":{},"_coverageSchema":"332fd63041d2c1bcb487cc26dd0d5f7d97098a6c","hash":"6494fd5f2ac5eda993b986db7f39cc947e417e34"}
,"/home/tvglobo/Documentos/my Github/forked/front-end-recruitment-1/src/services/shelf/actions.js": {"path":"/home/tvglobo/Documentos/my Github/forked/front-end-recruitment-1/src/services/shelf/actions.js","statementMap":{"0":{"start":{"line":4,"column":16},"end":{"line":15,"column":1}},"1":{"start":{"line":6,"column":4},"end":{"line":6,"column":37}},"2":{"start":{"line":6,"column":27},"end":{"line":6,"column":37}},"3":{"start":{"line":7,"column":4},"end":{"line":7,"column":36}},"4":{"start":{"line":7,"column":27},"end":{"line":7,"column":36}},"5":{"start":{"line":8,"column":4},"end":{"line":8,"column":13}},"6":{"start":{"line":11,"column":4},"end":{"line":11,"column":37}},"7":{"start":{"line":11,"column":27},"end":{"line":11,"column":37}},"8":{"start":{"line":12,"column":4},"end":{"line":12,"column":36}},"9":{"start":{"line":12,"column":27},"end":{"line":12,"column":36}},"10":{"start":{"line":13,"column":4},"end":{"line":13,"column":13}},"11":{"start":{"line":17,"column":29},"end":{"line":45,"column":1}},"12":{"start":{"line":17,"column":60},"end":{"line":45,"column":1}},"13":{"start":{"line":18,"column":2},"end":{"line":44,"column":7}},"14":{"start":{"line":21,"column":25},"end":{"line":21,"column":33}},"15":{"start":{"line":23,"column":6},"end":{"line":27,"column":7}},"16":{"start":{"line":24,"column":8},"end":{"line":26,"column":10}},"17":{"start":{"line":25,"column":10},"end":{"line":25,"column":70}},"18":{"start":{"line":25,"column":28},"end":{"line":25,"column":69}},"19":{"start":{"line":25,"column":58},"end":{"line":25,"column":68}},"20":{"start":{"line":29,"column":6},"end":{"line":31,"column":7}},"21":{"start":{"line":30,"column":8},"end":{"line":30,"column":50}},"22":{"start":{"line":33,"column":6},"end":{"line":35,"column":7}},"23":{"start":{"line":34,"column":8},"end":{"line":34,"column":19}},"24":{"start":{"line":37,"column":6},"end":{"line":40,"column":9}},"25":{"start":{"line":43,"column":6},"end":{"line":43,"column":64}}},"fnMap":{"0":{"name":"(anonymous_0)","decl":{"start":{"line":5,"column":15},"end":{"line":5,"column":16}},"loc":{"start":{"line":5,"column":25},"end":{"line":9,"column":3}},"line":5},"1":{"name":"(anonymous_1)","decl":{"start":{"line":10,"column":16},"end":{"line":10,"column":17}},"loc":{"start":{"line":10,"column":26},"end":{"line":14,"column":3}},"line":10},"2":{"name":"(anonymous_2)","decl":{"start":{"line":17,"column":29},"end":{"line":17,"column":30}},"loc":{"start":{"line":17,"column":60},"end":{"line":45,"column":1}},"line":17},"3":{"name":"(anonymous_3)","decl":{"start":{"line":17,"column":60},"end":{"line":17,"column":61}},"loc":{"start":{"line":17,"column":72},"end":{"line":45,"column":1}},"line":17},"4":{"name":"(anonymous_4)","decl":{"start":{"line":20,"column":10},"end":{"line":20,"column":11}},"loc":{"start":{"line":20,"column":17},"end":{"line":41,"column":5}},"line":20},"5":{"name":"(anonymous_5)","decl":{"start":{"line":24,"column":35},"end":{"line":24,"column":36}},"loc":{"start":{"line":25,"column":10},"end":{"line":25,"column":70}},"line":25},"6":{"name":"(anonymous_6)","decl":{"start":{"line":25,"column":23},"end":{"line":25,"column":24}},"loc":{"start":{"line":25,"column":28},"end":{"line":25,"column":69}},"line":25},"7":{"name":"(anonymous_7)","decl":{"start":{"line":25,"column":50},"end":{"line":25,"column":51}},"loc":{"start":{"line":25,"column":58},"end":{"line":25,"column":68}},"line":25},"8":{"name":"(anonymous_8)","decl":{"start":{"line":42,"column":11},"end":{"line":42,"column":12}},"loc":{"start":{"line":42,"column":18},"end":{"line":44,"column":5}},"line":42}},"branchMap":{"0":{"loc":{"start":{"line":6,"column":4},"end":{"line":6,"column":37}},"type":"if","locations":[{"start":{"line":6,"column":4},"end":{"line":6,"column":37}},{"start":{"line":6,"column":4},"end":{"line":6,"column":37}}],"line":6},"1":{"loc":{"start":{"line":7,"column":4},"end":{"line":7,"column":36}},"type":"if","locations":[{"start":{"line":7,"column":4},"end":{"line":7,"column":36}},{"start":{"line":7,"column":4},"end":{"line":7,"column":36}}],"line":7},"2":{"loc":{"start":{"line":11,"column":4},"end":{"line":11,"column":37}},"type":"if","locations":[{"start":{"line":11,"column":4},"end":{"line":11,"column":37}},{"start":{"line":11,"column":4},"end":{"line":11,"column":37}}],"line":11},"3":{"loc":{"start":{"line":12,"column":4},"end":{"line":12,"column":36}},"type":"if","locations":[{"start":{"line":12,"column":4},"end":{"line":12,"column":36}},{"start":{"line":12,"column":4},"end":{"line":12,"column":36}}],"line":12},"4":{"loc":{"start":{"line":23,"column":6},"end":{"line":27,"column":7}},"type":"if","locations":[{"start":{"line":23,"column":6},"end":{"line":27,"column":7}},{"start":{"line":23,"column":6},"end":{"line":27,"column":7}}],"line":23},"5":{"loc":{"start":{"line":23,"column":10},"end":{"line":23,"column":41}},"type":"binary-expr","locations":[{"start":{"line":23,"column":10},"end":{"line":23,"column":19}},{"start":{"line":23,"column":23},"end":{"line":23,"column":41}}],"line":23},"6":{"loc":{"start":{"line":29,"column":6},"end":{"line":31,"column":7}},"type":"if","locations":[{"start":{"line":29,"column":6},"end":{"line":31,"column":7}},{"start":{"line":29,"column":6},"end":{"line":31,"column":7}}],"line":29},"7":{"loc":{"start":{"line":33,"column":6},"end":{"line":35,"column":7}},"type":"if","locations":[{"start":{"line":33,"column":6},"end":{"line":35,"column":7}},{"start":{"line":33,"column":6},"end":{"line":35,"column":7}}],"line":33}},"s":{"0":3,"1":0,"2":0,"3":0,"4":0,"5":0,"6":0,"7":0,"8":0,"9":0,"10":0,"11":3,"12":7,"13":7,"14":1,"15":1,"16":0,"17":0,"18":0,"19":0,"20":1,"21":0,"22":1,"23":1,"24":1,"25":0},"f":{"0":0,"1":0,"2":7,"3":7,"4":1,"5":0,"6":0,"7":0,"8":0},"b":{"0":[0,0],"1":[0,0],"2":[0,0],"3":[0,0],"4":[0,1],"5":[1,0],"6":[0,1],"7":[1,0]},"_coverageSchema":"332fd63041d2c1bcb487cc26dd0d5f7d97098a6c","hash":"5a5986856bd5f20500c1cd95f11f69022a42112d"}
,"/home/tvglobo/Documentos/my Github/forked/front-end-recruitment-1/src/services/shelf/reducer.js": {"path":"/home/tvglobo/Documentos/my Github/forked/front-end-recruitment-1/src/services/shelf/reducer.js","statementMap":{"0":{"start":{"line":3,"column":21},"end":{"line":5,"column":1}},"1":{"start":{"line":8,"column":2},"end":{"line":16,"column":3}},"2":{"start":{"line":10,"column":6},"end":{"line":13,"column":7}},"3":{"start":{"line":15,"column":6},"end":{"line":15,"column":19}}},"fnMap":{"0":{"name":"(anonymous_0)","decl":{"start":{"line":7,"column":15},"end":{"line":7,"column":16}},"loc":{"start":{"line":7,"column":54},"end":{"line":17,"column":1}},"line":7}},"branchMap":{"0":{"loc":{"start":{"line":7,"column":24},"end":{"line":7,"column":44}},"type":"default-arg","locations":[{"start":{"line":7,"column":32},"end":{"line":7,"column":44}}],"line":7},"1":{"loc":{"start":{"line":8,"column":2},"end":{"line":16,"column":3}},"type":"switch","locations":[{"start":{"line":9,"column":4},"end":{"line":13,"column":7}},{"start":{"line":14,"column":4},"end":{"line":15,"column":19}}],"line":8}},"s":{"0":7,"1":28,"2":1,"3":27},"f":{"0":28},"b":{"0":[21],"1":[1,27]},"_coverageSchema":"332fd63041d2c1bcb487cc26dd0d5f7d97098a6c","hash":"60dc9cdde3309cb03c38fdb878755959047cf0dd"}
,"/home/tvglobo/Documentos/my Github/forked/front-end-recruitment-1/src/services/sort/actionTypes.js": {"path":"/home/tvglobo/Documentos/my Github/forked/front-end-recruitment-1/src/services/sort/actionTypes.js","statementMap":{"0":{"start":{"line":2,"column":27},"end":{"line":2,"column":40}}},"fnMap":{},"branchMap":{},"s":{"0":8},"f":{},"b":{},"_coverageSchema":"332fd63041d2c1bcb487cc26dd0d5f7d97098a6c","hash":"c23f26d8868f0276384aa446f214bef296339ee2"}
,"/home/tvglobo/Documentos/my Github/forked/front-end-recruitment-1/src/services/sort/actions.js": {"path":"/home/tvglobo/Documentos/my Github/forked/front-end-recruitment-1/src/services/sort/actions.js","statementMap":{"0":{"start":{"line":4,"column":26},"end":{"line":7,"column":2}},"1":{"start":{"line":4,"column":38},"end":{"line":7,"column":1}}},"fnMap":{"0":{"name":"(anonymous_0)","decl":{"start":{"line":4,"column":26},"end":{"line":4,"column":27}},"loc":{"start":{"line":4,"column":38},"end":{"line":7,"column":1}},"line":4}},"branchMap":{},"s":{"0":6,"1":0},"f":{"0":0},"b":{},"_coverageSchema":"332fd63041d2c1bcb487cc26dd0d5f7d97098a6c","hash":"bdd2fbf1ea81913269c7f615cf21a314218afe83"}
,"/home/tvglobo/Documentos/my Github/forked/front-end-recruitment-1/src/services/sort/reducer.js": {"path":"/home/tvglobo/Documentos/my Github/forked/front-end-recruitment-1/src/services/sort/reducer.js","statementMap":{"0":{"start":{"line":4,"column":21},"end":{"line":6,"column":1}},"1":{"start":{"line":9,"column":2},"end":{"line":17,"column":3}},"2":{"start":{"line":11,"column":6},"end":{"line":14,"column":8}},"3":{"start":{"line":16,"column":6},"end":{"line":16,"column":19}}},"fnMap":{"0":{"name":"(anonymous_0)","decl":{"start":{"line":8,"column":15},"end":{"line":8,"column":16}},"loc":{"start":{"line":8,"column":54},"end":{"line":18,"column":1}},"line":8}},"branchMap":{"0":{"loc":{"start":{"line":8,"column":24},"end":{"line":8,"column":44}},"type":"default-arg","locations":[{"start":{"line":8,"column":32},"end":{"line":8,"column":44}}],"line":8},"1":{"loc":{"start":{"line":9,"column":2},"end":{"line":17,"column":3}},"type":"switch","locations":[{"start":{"line":10,"column":4},"end":{"line":14,"column":8}},{"start":{"line":15,"column":4},"end":{"line":16,"column":19}}],"line":9}},"s":{"0":7,"1":28,"2":0,"3":28},"f":{"0":28},"b":{"0":[24],"1":[0,28]},"_coverageSchema":"332fd63041d2c1bcb487cc26dd0d5f7d97098a6c","hash":"7833d8618d122917df584d93719ae32346e5587d"}
,"/home/tvglobo/Documentos/my Github/forked/front-end-recruitment-1/src/services/total/actionTypes.js": {"path":"/home/tvglobo/Documentos/my Github/forked/front-end-recruitment-1/src/services/total/actionTypes.js","statementMap":{"0":{"start":{"line":1,"column":27},"end":{"line":1,"column":40}}},"fnMap":{},"branchMap":{},"s":{"0":7},"f":{},"b":{},"_coverageSchema":"332fd63041d2c1bcb487cc26dd0d5f7d97098a6c","hash":"8d9619050a7ccf2435c999b54ccbc298fa507864"}
,"/home/tvglobo/Documentos/my Github/forked/front-end-recruitment-1/src/services/total/actions.js": {"path":"/home/tvglobo/Documentos/my Github/forked/front-end-recruitment-1/src/services/total/actions.js","statementMap":{"0":{"start":{"line":3,"column":26},"end":{"line":33,"column":1}},"1":{"start":{"line":3,"column":42},"end":{"line":33,"column":1}},"2":{"start":{"line":4,"column":24},"end":{"line":7,"column":7}},"3":{"start":{"line":5,"column":4},"end":{"line":5,"column":22}},"4":{"start":{"line":6,"column":4},"end":{"line":6,"column":15}},"5":{"start":{"line":9,"column":19},"end":{"line":12,"column":7}},"6":{"start":{"line":10,"column":4},"end":{"line":10,"column":32}},"7":{"start":{"line":11,"column":4},"end":{"line":11,"column":15}},"8":{"start":{"line":14,"column":21},"end":{"line":17,"column":7}},"9":{"start":{"line":15,"column":4},"end":{"line":15,"column":66}},"10":{"start":{"line":16,"column":4},"end":{"line":16,"column":19}},"11":{"start":{"line":20,"column":18},"end":{"line":26,"column":3}},"12":{"start":{"line":28,"column":2},"end":{"line":31,"column":5}}},"fnMap":{"0":{"name":"(anonymous_0)","decl":{"start":{"line":3,"column":26},"end":{"line":3,"column":27}},"loc":{"start":{"line":3,"column":42},"end":{"line":33,"column":1}},"line":3},"1":{"name":"(anonymous_1)","decl":{"start":{"line":3,"column":42},"end":{"line":3,"column":43}},"loc":{"start":{"line":3,"column":54},"end":{"line":33,"column":1}},"line":3},"2":{"name":"(anonymous_2)","decl":{"start":{"line":4,"column":45},"end":{"line":4,"column":46}},"loc":{"start":{"line":4,"column":57},"end":{"line":7,"column":3}},"line":4},"3":{"name":"(anonymous_3)","decl":{"start":{"line":9,"column":39},"end":{"line":9,"column":40}},"loc":{"start":{"line":9,"column":51},"end":{"line":12,"column":3}},"line":9},"4":{"name":"(anonymous_4)","decl":{"start":{"line":14,"column":41},"end":{"line":14,"column":42}},"loc":{"start":{"line":14,"column":57},"end":{"line":17,"column":3}},"line":14}},"branchMap":{"0":{"loc":{"start":{"line":15,"column":14},"end":{"line":15,"column":65}},"type":"cond-expr","locations":[{"start":{"line":15,"column":41},"end":{"line":15,"column":55}},{"start":{"line":15,"column":58},"end":{"line":15,"column":65}}],"line":15}},"s":{"0":3,"1":1,"2":1,"3":1,"4":1,"5":1,"6":1,"7":1,"8":1,"9":1,"10":1,"11":1,"12":1},"f":{"0":1,"1":1,"2":1,"3":1,"4":1},"b":{"0":[1,0]},"_coverageSchema":"332fd63041d2c1bcb487cc26dd0d5f7d97098a6c","hash":"efcb0f9f85eb21f56612326675923c251b223ec6"}
,"/home/tvglobo/Documentos/my Github/forked/front-end-recruitment-1/src/services/total/reducer.js": {"path":"/home/tvglobo/Documentos/my Github/forked/front-end-recruitment-1/src/services/total/reducer.js","statementMap":{"0":{"start":{"line":4,"column":21},"end":{"line":10,"column":1}},"1":{"start":{"line":13,"column":2},"end":{"line":21,"column":3}},"2":{"start":{"line":15,"column":6},"end":{"line":18,"column":8}},"3":{"start":{"line":20,"column":6},"end":{"line":20,"column":19}}},"fnMap":{"0":{"name":"(anonymous_0)","decl":{"start":{"line":12,"column":15},"end":{"line":12,"column":16}},"loc":{"start":{"line":12,"column":54},"end":{"line":22,"column":1}},"line":12}},"branchMap":{"0":{"loc":{"start":{"line":12,"column":24},"end":{"line":12,"column":44}},"type":"default-arg","locations":[{"start":{"line":12,"column":32},"end":{"line":12,"column":44}}],"line":12},"1":{"loc":{"start":{"line":13,"column":2},"end":{"line":21,"column":3}},"type":"switch","locations":[{"start":{"line":14,"column":4},"end":{"line":18,"column":8}},{"start":{"line":19,"column":4},"end":{"line":20,"column":19}}],"line":13}},"s":{"0":7,"1":28,"2":1,"3":27},"f":{"0":28},"b":{"0":[25],"1":[1,27]},"_coverageSchema":"332fd63041d2c1bcb487cc26dd0d5f7d97098a6c","hash":"315a34c668772e1349e4ff2709f3bbbe6254a34d"}
}
