TN:
SF:/home/tvglobo/Documentos/my Github/forked/front-end-recruitment-1/src/Root.js
FN:6,(anonymous_0)
FNF:1
FNH:1
FNDA:11,(anonymous_0)
DA:6,7
DA:7,11
LF:2
LH:2
BRDA:6,0,0,4
BRF:1
BRH:1
end_of_record
TN:
SF:/home/tvglobo/Documentos/my Github/forked/front-end-recruitment-1/src/index.js
FNF:0
FNH:0
DA:1,0
DA:2,0
DA:4,0
DA:6,0
DA:7,0
DA:9,0
DA:21,0
LF:7
LH:0
BRF:0
BRH:0
end_of_record
TN:
SF:/home/tvglobo/Documentos/my Github/forked/front-end-recruitment-1/src/serviceWorker.js
FN:23,register
FN:34,(anonymous_1)
FN:43,(anonymous_2)
FN:57,registerValidSW
FN:60,(anonymous_4)
FN:61,(anonymous_5)
FN:66,(anonymous_6)
FN:96,(anonymous_7)
FN:101,checkValidServiceWorker
FN:104,(anonymous_9)
FN:112,(anonymous_10)
FN:113,(anonymous_11)
FN:122,(anonymous_12)
FN:129,unregister
FN:131,(anonymous_14)
FNF:15
FNH:0
FNDA:0,register
FNDA:0,(anonymous_1)
FNDA:0,(anonymous_2)
FNDA:0,registerValidSW
FNDA:0,(anonymous_4)
FNDA:0,(anonymous_5)
FNDA:0,(anonymous_6)
FNDA:0,(anonymous_7)
FNDA:0,checkValidServiceWorker
FNDA:0,(anonymous_9)
FNDA:0,(anonymous_10)
FNDA:0,(anonymous_11)
FNDA:0,(anonymous_12)
FNDA:0,unregister
FNDA:0,(anonymous_14)
DA:13,0
DA:24,0
DA:26,0
DA:27,0
DA:31,0
DA:34,0
DA:35,0
DA:37,0
DA:39,0
DA:43,0
DA:44,0
DA:51,0
DA:58,0
DA:61,0
DA:62,0
DA:63,0
DA:64,0
DA:66,0
DA:67,0
DA:68,0
DA:72,0
DA:78,0
DA:79,0
DA:85,0
DA:88,0
DA:89,0
DA:97,0
DA:103,0
DA:106,0
DA:107,0
DA:112,0
DA:113,0
DA:114,0
DA:119,0
DA:123,0
DA:130,0
DA:131,0
DA:132,0
LF:38
LH:0
BRDA:14,0,0,0
BRDA:14,0,1,0
BRDA:14,0,2,0
BRDA:24,1,0,0
BRDA:24,1,1,0
BRDA:24,2,0,0
BRDA:24,2,1,0
BRDA:27,3,0,0
BRDA:27,3,1,0
BRDA:37,4,0,0
BRDA:37,4,1,0
BRDA:63,5,0,0
BRDA:63,5,1,0
BRDA:67,6,0,0
BRDA:67,6,1,0
BRDA:68,7,0,0
BRDA:68,7,1,0
BRDA:78,8,0,0
BRDA:78,8,1,0
BRDA:78,9,0,0
BRDA:78,9,1,0
BRDA:88,10,0,0
BRDA:88,10,1,0
BRDA:88,11,0,0
BRDA:88,11,1,0
BRDA:107,12,0,0
BRDA:107,12,1,0
BRDA:108,13,0,0
BRDA:108,13,1,0
BRDA:108,13,2,0
BRDA:130,14,0,0
BRDA:130,14,1,0
BRF:32
BRH:0
end_of_record
TN:
SF:/home/tvglobo/Documentos/my Github/forked/front-end-recruitment-1/src/setupTests.js
FNF:0
FNH:0
DA:8,19
DA:11,19
DA:12,19
DA:13,19
DA:14,19
DA:15,19
DA:16,19
DA:17,19
LF:8
LH:8
BRF:0
BRH:0
end_of_record
TN:
SF:/home/tvglobo/Documentos/my Github/forked/front-end-recruitment-1/src/components/App/index.js
FN:8,(anonymous_0)
FNF:1
FNH:1
FNDA:3,(anonymous_0)
DA:9,3
LF:1
LH:1
BRF:0
BRH:0
end_of_record
TN:
SF:/home/tvglobo/Documentos/my Github/forked/front-end-recruitment-1/src/components/Banner/index.js
FN:5,(anonymous_0)
FNF:1
FNH:1
FNDA:4,(anonymous_0)
DA:5,3
DA:6,4
LF:2
LH:2
BRF:0
BRH:0
end_of_record
TN:
SF:/home/tvglobo/Documentos/my Github/forked/front-end-recruitment-1/src/components/Checkbox/index.js
FN:14,(anonymous_0)
FN:17,(anonymous_1)
FN:26,(anonymous_2)
FNF:3
FNH:3
FNDA:2,(anonymous_0)
FNDA:2,(anonymous_1)
FNDA:60,(anonymous_2)
DA:15,2
DA:17,2
DA:18,2
DA:23,2
DA:27,60
DA:28,60
DA:30,60
LF:7
LH:7
BRF:0
BRH:0
end_of_record
TN:
SF:/home/tvglobo/Documentos/my Github/forked/front-end-recruitment-1/src/components/Clearfix/index.js
FN:5,(anonymous_0)
FNF:1
FNH:1
FNDA:29,(anonymous_0)
DA:5,5
DA:6,29
LF:2
LH:2
BRF:0
BRH:0
end_of_record
TN:
SF:/home/tvglobo/Documentos/my Github/forked/front-end-recruitment-1/src/components/FloatCart/index.js
FN:26,(anonymous_0)
FN:36,(anonymous_1)
FN:40,(anonymous_2)
FN:44,(anonymous_3)
FN:48,(anonymous_4)
FN:63,(anonymous_5)
FN:66,(anonymous_6)
FN:73,(anonymous_7)
FN:93,(anonymous_8)
FN:96,(anonymous_9)
FN:113,(anonymous_10)
FN:123,(anonymous_11)
FN:170,(anonymous_12)
FN:180,(anonymous_13)
FNF:14
FNH:6
FNDA:2,(anonymous_0)
FNDA:1,(anonymous_1)
FNDA:0,(anonymous_2)
FNDA:1,(anonymous_3)
FNDA:0,(anonymous_4)
FNDA:0,(anonymous_5)
FNDA:0,(anonymous_6)
FNDA:0,(anonymous_7)
FNDA:6,(anonymous_8)
FNDA:4,(anonymous_9)
FNDA:0,(anonymous_10)
FNDA:0,(anonymous_11)
FNDA:0,(anonymous_12)
FNDA:7,(anonymous_13)
DA:27,2
DA:28,1
DA:31,2
DA:32,0
DA:37,1
DA:41,0
DA:45,1
DA:46,1
DA:48,1
DA:49,0
DA:50,0
DA:51,0
DA:55,1
DA:56,1
DA:59,1
DA:60,1
DA:64,0
DA:66,0
DA:67,0
DA:68,0
DA:69,0
DA:79,0
DA:81,0
DA:82,0
DA:84,0
DA:94,6
DA:96,6
DA:97,4
DA:102,6
DA:104,6
DA:105,2
DA:108,6
DA:113,0
DA:123,0
DA:170,0
DA:180,7
LF:36
LH:19
BRDA:27,0,0,1
BRDA:27,0,1,1
BRDA:31,1,0,0
BRDA:31,1,1,2
BRDA:49,2,0,0
BRDA:49,2,1,0
BRDA:55,3,0,1
BRDA:55,3,1,0
BRDA:67,4,0,0
BRDA:67,4,1,0
BRDA:81,5,0,0
BRDA:81,5,1,0
BRDA:104,6,0,2
BRDA:104,6,1,4
BRDA:111,7,0,6
BRDA:111,7,1,2
BRDA:121,8,0,6
BRDA:121,8,1,4
BRDA:140,9,0,6
BRDA:140,9,1,3
BRDA:158,10,0,6
BRDA:158,10,1,1
BRF:22
BRH:14
end_of_record
TN:
SF:/home/tvglobo/Documentos/my Github/forked/front-end-recruitment-1/src/components/FloatCart/CartProduct/index.js
FN:19,(anonymous_0)
FN:23,(anonymous_1)
FN:28,(anonymous_2)
FN:41,(anonymous_3)
FN:42,(anonymous_4)
FN:43,(anonymous_5)
FNF:6
FNH:3
FNDA:1,(anonymous_0)
FNDA:0,(anonymous_1)
FNDA:6,(anonymous_2)
FNDA:1,(anonymous_3)
FNDA:0,(anonymous_4)
FNDA:0,(anonymous_5)
DA:7,4
DA:20,1
DA:24,0
DA:29,6
DA:31,6
DA:33,6
DA:34,1
DA:37,6
DA:41,1
DA:42,0
DA:43,0
LF:11
LH:8
BRDA:33,0,0,1
BRDA:33,0,1,5
BRF:2
BRH:2
end_of_record
TN:
SF:/home/tvglobo/Documentos/my Github/forked/front-end-recruitment-1/src/components/Selectbox/index.js
FN:16,(anonymous_0)
FN:16,(anonymous_1)
FN:18,(anonymous_2)
FN:22,(anonymous_3)
FN:26,(anonymous_4)
FNF:5
FNH:3
FNDA:10,(anonymous_0)
FNDA:30,(anonymous_1)
FNDA:0,(anonymous_2)
FNDA:10,(anonymous_3)
FNDA:0,(anonymous_4)
DA:16,30
DA:19,0
DA:23,10
DA:25,10
DA:26,0
LF:5
LH:3
BRF:0
BRH:0
end_of_record
TN:
SF:/home/tvglobo/Documentos/my Github/forked/front-end-recruitment-1/src/components/Shelf/index.js
FN:29,(anonymous_0)
FN:35,(anonymous_1)
FN:47,(anonymous_2)
FN:52,(anonymous_3)
FN:57,(anonymous_4)
FN:60,(anonymous_5)
FN:81,(anonymous_6)
FNF:7
FNH:7
FNDA:7,(anonymous_0)
FNDA:1,(anonymous_1)
FNDA:7,(anonymous_2)
FNDA:1,(anonymous_3)
FNDA:9,(anonymous_4)
FNDA:10,(anonymous_5)
FNDA:10,(anonymous_6)
DA:30,7
DA:32,7
DA:36,1
DA:38,1
DA:39,0
DA:42,1
DA:43,0
DA:51,7
DA:52,7
DA:53,1
DA:58,9
DA:60,9
DA:61,10
DA:66,9
DA:81,10
LF:15
LH:13
BRDA:38,0,0,0
BRDA:38,0,1,1
BRDA:42,1,0,0
BRDA:42,1,1,1
BRDA:48,2,0,7
BRDA:49,3,0,0
BRDA:68,4,0,9
BRDA:68,4,1,7
BRF:8
BRH:5
end_of_record
TN:
SF:/home/tvglobo/Documentos/my Github/forked/front-end-recruitment-1/src/components/Shelf/Filter/index.js
FN:18,(anonymous_0)
FN:22,(anonymous_1)
FN:32,(anonymous_2)
FN:41,(anonymous_3)
FN:43,(anonymous_4)
FN:53,(anonymous_5)
FNF:6
FNH:5
FNDA:8,(anonymous_0)
FNDA:0,(anonymous_1)
FNDA:56,(anonymous_2)
FNDA:8,(anonymous_3)
FNDA:8,(anonymous_4)
FNDA:11,(anonymous_5)
DA:10,4
DA:19,8
DA:23,0
DA:24,0
DA:26,0
DA:29,0
DA:33,56
DA:41,8
DA:44,8
DA:53,11
LF:10
LH:6
BRDA:23,0,0,0
BRDA:23,0,1,0
BRF:2
BRH:0
end_of_record
TN:
SF:/home/tvglobo/Documentos/my Github/forked/front-end-recruitment-1/src/components/Shelf/Product/index.js
FN:10,(anonymous_0)
FN:51,(anonymous_1)
FNF:2
FNH:2
FNDA:11,(anonymous_0)
FNDA:1,(anonymous_1)
DA:7,4
DA:10,4
DA:11,11
DA:13,11
DA:15,11
DA:19,11
DA:20,11
DA:22,11
DA:29,11
DA:51,1
DA:57,4
LF:11
LH:11
BRDA:19,0,0,11
BRDA:19,0,1,0
BRDA:31,1,0,11
BRDA:31,1,1,11
BRF:4
BRH:3
end_of_record
TN:
SF:/home/tvglobo/Documentos/my Github/forked/front-end-recruitment-1/src/components/Shelf/ShelfHeader/index.js
FN:7,(anonymous_0)
FNF:1
FNH:1
FNDA:10,(anonymous_0)
DA:7,4
DA:8,10
DA:19,4
LF:3
LH:3
BRF:0
BRH:0
end_of_record
TN:
SF:/home/tvglobo/Documentos/my Github/forked/front-end-recruitment-1/src/components/Shelf/Sort/index.js
FN:20,(anonymous_0)
FN:24,(anonymous_1)
FN:34,(anonymous_2)
FNF:3
FNH:2
FNDA:0,(anonymous_0)
FNDA:9,(anonymous_1)
FNDA:12,(anonymous_2)
DA:8,5
DA:21,0
DA:25,9
DA:34,12
LF:4
LH:3
BRF:0
BRH:0
end_of_record
TN:
SF:/home/tvglobo/Documentos/my Github/forked/front-end-recruitment-1/src/components/Spinner/index.js
FN:5,(anonymous_0)
FNF:1
FNH:1
FNDA:8,(anonymous_0)
DA:6,8
LF:1
LH:1
BRF:0
BRH:0
end_of_record
TN:
SF:/home/tvglobo/Documentos/my Github/forked/front-end-recruitment-1/src/components/Thumb/index.js
FN:5,(anonymous_0)
FNF:1
FNH:1
FNDA:18,(anonymous_0)
DA:5,7
DA:6,18
DA:13,7
LF:3
LH:3
BRF:0
BRH:0
end_of_record
TN:
SF:/home/tvglobo/Documentos/my Github/forked/front-end-recruitment-1/src/services/axios.js
FNF:0
FNH:0
DA:3,3
LF:1
LH:1
BRF:0
BRH:0
end_of_record
TN:
SF:/home/tvglobo/Documentos/my Github/forked/front-end-recruitment-1/src/services/reducers.js
FNF:0
FNH:0
LF:0
LH:0
BRF:0
BRH:0
end_of_record
TN:
SF:/home/tvglobo/Documentos/my Github/forked/front-end-recruitment-1/src/services/store.js
FN:5,(anonymous_0)
FN:20,(anonymous_1)
FNF:2
FNH:2
FNDA:11,(anonymous_0)
FNDA:3,(anonymous_1)
DA:6,11
DA:8,11
DA:10,11
DA:20,11
DA:21,3
DA:22,3
DA:27,3
DA:30,11
LF:8
LH:8
BRDA:7,0,0,11
BRDA:7,0,1,11
BRF:2
BRH:2
end_of_record
TN:
SF:/home/tvglobo/Documentos/my Github/forked/front-end-recruitment-1/src/services/util.js
FN:1,(anonymous_0)
FNF:1
FNH:1
FNDA:37,(anonymous_0)
DA:1,7
DA:2,37
DA:4,25
DA:6,12
LF:4
LH:4
BRDA:2,0,0,25
BRDA:2,0,1,12
BRF:2
BRH:2
end_of_record
TN:
SF:/home/tvglobo/Documentos/my Github/forked/front-end-recruitment-1/src/services/cart/actionTypes.js
FNF:0
FNH:0
DA:1,8
DA:2,8
DA:3,8
DA:4,8
LF:4
LH:4
BRF:0
BRH:0
end_of_record
TN:
SF:/home/tvglobo/Documentos/my Github/forked/front-end-recruitment-1/src/services/cart/actions.js
FN:4,(anonymous_0)
FN:9,(anonymous_1)
FN:14,(anonymous_2)
FNF:3
FNH:1
FNDA:0,(anonymous_0)
FNDA:1,(anonymous_1)
FNDA:0,(anonymous_2)
DA:4,5
DA:9,5
DA:14,5
LF:3
LH:3
BRF:0
BRH:0
end_of_record
TN:
SF:/home/tvglobo/Documentos/my Github/forked/front-end-recruitment-1/src/services/cart/reducer.js
FN:8,(anonymous_0)
FNF:1
FNH:1
FNDA:28,(anonymous_0)
DA:4,7
DA:9,28
DA:11,0
DA:16,1
DA:21,0
DA:26,27
LF:6
LH:4
BRDA:8,0,0,24
BRDA:9,1,0,0
BRDA:9,1,1,1
BRDA:9,1,2,0
BRDA:9,1,3,27
BRF:5
BRH:3
end_of_record
TN:
SF:/home/tvglobo/Documentos/my Github/forked/front-end-recruitment-1/src/services/filters/actionTypes.js
FNF:0
FNH:0
DA:1,8
LF:1
LH:1
BRF:0
BRH:0
end_of_record
TN:
SF:/home/tvglobo/Documentos/my Github/forked/front-end-recruitment-1/src/services/filters/actions.js
FN:4,(anonymous_0)
FNF:1
FNH:0
FNDA:0,(anonymous_0)
DA:4,5
LF:1
LH:1
BRF:0
BRH:0
end_of_record
TN:
SF:/home/tvglobo/Documentos/my Github/forked/front-end-recruitment-1/src/services/filters/reducer.js
FN:8,(anonymous_0)
FNF:1
FNH:1
FNDA:28,(anonymous_0)
DA:4,7
DA:9,28
DA:11,0
DA:16,28
LF:4
LH:3
BRDA:8,0,0,24
BRDA:9,1,0,0
BRDA:9,1,1,28
BRF:3
BRH:2
end_of_record
TN:
SF:/home/tvglobo/Documentos/my Github/forked/front-end-recruitment-1/src/services/shelf/actionTypes.js
FNF:0
FNH:0
DA:1,7
LF:1
LH:1
BRF:0
BRH:0
end_of_record
TN:
SF:/home/tvglobo/Documentos/my Github/forked/front-end-recruitment-1/src/services/shelf/actions.js
FN:5,(anonymous_0)
FN:10,(anonymous_1)
FN:17,(anonymous_2)
FN:17,(anonymous_3)
FN:20,(anonymous_4)
FN:24,(anonymous_5)
FN:25,(anonymous_6)
FN:25,(anonymous_7)
FN:42,(anonymous_8)
FNF:9
FNH:3
FNDA:0,(anonymous_0)
FNDA:0,(anonymous_1)
FNDA:7,(anonymous_2)
FNDA:7,(anonymous_3)
FNDA:1,(anonymous_4)
FNDA:0,(anonymous_5)
FNDA:0,(anonymous_6)
FNDA:0,(anonymous_7)
FNDA:0,(anonymous_8)
DA:4,3
DA:6,0
DA:7,0
DA:8,0
DA:11,0
DA:12,0
DA:13,0
DA:17,7
DA:18,7
DA:21,1
DA:23,1
DA:24,0
DA:25,0
DA:29,1
DA:30,0
DA:33,1
DA:34,1
DA:37,1
DA:43,0
LF:19
LH:9
BRDA:6,0,0,0
BRDA:6,0,1,0
BRDA:7,1,0,0
BRDA:7,1,1,0
BRDA:11,2,0,0
BRDA:11,2,1,0
BRDA:12,3,0,0
BRDA:12,3,1,0
BRDA:23,4,0,0
BRDA:23,4,1,1
BRDA:23,5,0,1
BRDA:23,5,1,0
BRDA:29,6,0,0
BRDA:29,6,1,1
BRDA:33,7,0,1
BRDA:33,7,1,0
BRF:16
BRH:4
end_of_record
TN:
SF:/home/tvglobo/Documentos/my Github/forked/front-end-recruitment-1/src/services/shelf/reducer.js
FN:7,(anonymous_0)
FNF:1
FNH:1
FNDA:28,(anonymous_0)
DA:3,7
DA:8,28
DA:10,1
DA:15,27
LF:4
LH:4
BRDA:7,0,0,21
BRDA:8,1,0,1
BRDA:8,1,1,27
BRF:3
BRH:3
end_of_record
TN:
SF:/home/tvglobo/Documentos/my Github/forked/front-end-recruitment-1/src/services/sort/actionTypes.js
FNF:0
FNH:0
DA:2,8
LF:1
LH:1
BRF:0
BRH:0
end_of_record
TN:
SF:/home/tvglobo/Documentos/my Github/forked/front-end-recruitment-1/src/services/sort/actions.js
FN:4,(anonymous_0)
FNF:1
FNH:0
FNDA:0,(anonymous_0)
DA:4,6
LF:1
LH:1
BRF:0
BRH:0
end_of_record
TN:
SF:/home/tvglobo/Documentos/my Github/forked/front-end-recruitment-1/src/services/sort/reducer.js
FN:8,(anonymous_0)
FNF:1
FNH:1
FNDA:28,(anonymous_0)
DA:4,7
DA:9,28
DA:11,0
DA:16,28
LF:4
LH:3
BRDA:8,0,0,24
BRDA:9,1,0,0
BRDA:9,1,1,28
BRF:3
BRH:2
end_of_record
TN:
SF:/home/tvglobo/Documentos/my Github/forked/front-end-recruitment-1/src/services/total/actionTypes.js
FNF:0
FNH:0
DA:1,7
LF:1
LH:1
BRF:0
BRH:0
end_of_record
TN:
SF:/home/tvglobo/Documentos/my Github/forked/front-end-recruitment-1/src/services/total/actions.js
FN:3,(anonymous_0)
FN:3,(anonymous_1)
FN:4,(anonymous_2)
FN:9,(anonymous_3)
FN:14,(anonymous_4)
FNF:5
FNH:5
FNDA:1,(anonymous_0)
FNDA:1,(anonymous_1)
FNDA:1,(anonymous_2)
FNDA:1,(anonymous_3)
FNDA:1,(anonymous_4)
DA:3,3
DA:4,1
DA:5,1
DA:6,1
DA:9,1
DA:10,1
DA:11,1
DA:14,1
DA:15,1
DA:16,1
DA:20,1
DA:28,1
LF:12
LH:12
BRDA:15,0,0,1
BRDA:15,0,1,0
BRF:2
BRH:1
end_of_record
TN:
SF:/home/tvglobo/Documentos/my Github/forked/front-end-recruitment-1/src/services/total/reducer.js
FN:12,(anonymous_0)
FNF:1
FNH:1
FNDA:28,(anonymous_0)
DA:4,7
DA:13,28
DA:15,1
DA:20,27
LF:4
LH:4
BRDA:12,0,0,25
BRDA:13,1,0,1
BRDA:13,1,1,27
BRF:3
BRH:3
end_of_record
